Log file open, 04/04/16 02:11:11
LogInit:Display: Running engine for game: skyblock64
LogPlatformFile: Not using cached read wrapper
LogInit:Display: RandInit(-364926387) SRandInit(-364926386).
LogTaskGraph: Started task graph with 4 named threads and 7 total threads.
LogStats: Stats thread started at 0.088063
LogHMD: Can't find Oculus library dev build: is proper Runtime installed? Version: 0.8.0.0
LogInit: Version: 4.11.0-2927265+++UE4+Release-4.11
LogInit: API Version: 2927265
LogInit: Compiled (64-bit): Mar 30 2016 02:13:55
LogInit: Compiled with Visual C++: 19.00.23026.00
LogInit: Build Configuration: Development
LogInit: Branch Name: ++UE4+Release-4.11
LogInit: Command line:  
LogInit: Base directory: C:/Program Files (x86)/Epic Games/4.11/Engine/Binaries/Win64/
LogInit: Installed Engine Build: 1
LogInit: Using libcurl 7.41.0
LogInit:  - built for x86_64-pc-win32
LogInit:  - supports SSL with WinSSL
LogInit:  - other features:
LogInit:      CURL_VERSION_SSL
LogInit:      CURL_VERSION_IPV6
LogInit:      CURL_VERSION_ASYNCHDNS
LogInit:      CURL_VERSION_LARGEFILE
LogInit:      CURL_VERSION_IDN
LogInit:  CurlRequestOptions (configurable via config and command line):
LogInit:  - bVerifyPeer = true  - Libcurl will verify peer certificate
LogInit:  - bUseHttpProxy = false  - Libcurl will NOT use HTTP proxy
LogInit:  - bDontReuseConnections = false  - Libcurl will reuse connections
LogInit:  - CertBundlePath = nullptr  - Libcurl will use whatever was configured at build time.
LogInit: Presizing for max 16777216 objects, including 0 objects not considered by GC, pre-allocating 0 bytes for permanent pool.
LogInit: Object subsystem initialized
[2016.04.04-01.11.11:939][  0]LogInit: Selected Device Profile: [Windows]
[2016.04.04-01.11.11:939][  0]LogInit: Applying CVar settings loaded from the selected device profile: [Windows]
[2016.04.04-01.11.11:955][  0]LogInit: Computer: WIN-I2UAAJRSHPJ
[2016.04.04-01.11.11:955][  0]LogInit: User: jacka
[2016.04.04-01.11.11:955][  0]LogInit: CPU Page size=65536, Cores=4
[2016.04.04-01.11.11:955][  0]LogInit: High frequency timer resolution =3.318388 MHz
[2016.04.04-01.11.11:955][  0]LogMemory: Memory total: Physical=31.9GB (32GB approx)
[2016.04.04-01.11.11:955][  0]LogMemory: Platform Memory Stats for Windows
[2016.04.04-01.11.11:955][  0]LogMemory: Process Physical Memory: 312.35 MB used, 312.35 MB peak
[2016.04.04-01.11.11:955][  0]LogMemory: Process Virtual Memory: 315.72 MB used, 315.72 MB peak
[2016.04.04-01.11.11:955][  0]LogMemory: Physical Memory: 10647.76 MB used, 32706.03 MB total
[2016.04.04-01.11.11:955][  0]LogMemory: Virtual Memory: 648.18 MB used, 134217728.00 MB total
[2016.04.04-01.11.12:109][  0]LogTextLocalizationManager: No specific translations for ('en-GB') exist, so ('en') translations will be used.
[2016.04.04-01.11.12:539][  0]LogD3D11RHI: D3D11 adapters:
[2016.04.04-01.11.12:548][  0]LogD3D11RHI:    0. 'AMD Radeon R9 200 Series' (Feature Level 11_0)
[2016.04.04-01.11.12:548][  0]LogD3D11RHI:       3050MB of dedicated video memory, 0MB of dedicated system memory, and 16353MB of shared system memory, 2 output[s]
[2016.04.04-01.11.12:549][  0]LogD3D11RHI:    1. 'Microsoft Basic Render Driver' (Feature Level 11_0)
[2016.04.04-01.11.12:549][  0]LogD3D11RHI:       0MB of dedicated video memory, 0MB of dedicated system memory, and 16353MB of shared system memory, 0 output[s]
[2016.04.04-01.11.12:549][  0]LogD3D11RHI: Chosen D3D11 Adapter: 0
[2016.04.04-01.11.12:560][  0]LogD3D11RHI: Creating new Direct3DDevice
[2016.04.04-01.11.12:560][  0]LogD3D11RHI:     Adapter Name: AMD Radeon R9 200 Series
[2016.04.04-01.11.12:560][  0]LogD3D11RHI:   Driver Version: Catalyst 15.11.1 (internal 15.201.1151.1010)
[2016.04.04-01.11.12:560][  0]LogD3D11RHI:      Driver Date: 11-18-2015
[2016.04.04-01.11.12:560][  0]LogRHI: Texture pool is 1361 MB (70% of 1945 MB)
[2016.04.04-01.11.12:567][  0]LogD3D11RHI: Async texture creation disabled: no driver support
[2016.04.04-01.11.12:577][  0]LogShaderCompilers: Guid format shader working directory is 23 characters bigger than the processId version (G:/Creation/Skyblock64/Intermediate/Shaders/WorkingDirectory/71920/).
[2016.04.04-01.11.12:578][  0]LogShaderCompilers: Cleaned the shader compiler working directory 'C:/Users/jacka/AppData/Local/Temp/UnrealShaderWorkingDir/179035894522846EDAFA4E8C4C9219AE/'.
[2016.04.04-01.11.12:578][  0]LogShaderCompilers:Display: Using Local Shader Compiler.
[2016.04.04-01.11.14:097][  0]LogTemp:Display: Loaded TP AllDesktopTargetPlatform
[2016.04.04-01.11.14:102][  0]LogTemp:Display: Loaded TP WindowsClientTargetPlatform
[2016.04.04-01.11.14:106][  0]LogTemp:Display: Loaded TP WindowsNoEditorTargetPlatform
[2016.04.04-01.11.14:110][  0]LogTemp:Display: Loaded TP WindowsServerTargetPlatform
[2016.04.04-01.11.14:114][  0]LogTemp:Display: Loaded TP WindowsTargetPlatform
[2016.04.04-01.11.14:120][  0]LogTemp:Display: Loaded TP AndroidTargetPlatform
[2016.04.04-01.11.14:123][  0]LogTemp:Display: Loaded TP Android_ASTCTargetPlatform
[2016.04.04-01.11.14:125][  0]LogTemp:Display: Loaded TP Android_ATCTargetPlatform
[2016.04.04-01.11.14:128][  0]LogTemp:Display: Loaded TP Android_DXTTargetPlatform
[2016.04.04-01.11.14:131][  0]LogTemp:Display: Loaded TP Android_ETC1TargetPlatform
[2016.04.04-01.11.14:134][  0]LogTemp:Display: Loaded TP Android_ETC2TargetPlatform
[2016.04.04-01.11.14:140][  0]LogTemp:Display: Loaded TP Android_MultiTargetPlatform
[2016.04.04-01.11.14:140][  0]LogTemp:Display: Loaded TP Android_PVRTCTargetPlatform
[2016.04.04-01.11.14:141][  0]LogTemp:Display: Loaded TP HTML5TargetPlatform
[2016.04.04-01.11.14:176][  0]LogTemp:Display: Loaded TP IOSTargetPlatform
[2016.04.04-01.11.14:179][  0]LogTemp:Display: Loaded TP TVOSTargetPlatform
[2016.04.04-01.11.14:182][  0]LogTemp:Display: Loaded TP LinuxNoEditorTargetPlatform
[2016.04.04-01.11.14:185][  0]LogTemp:Display: Loaded TP LinuxServerTargetPlatform
[2016.04.04-01.11.14:191][  0]LogTemp:Display: Loaded TP LinuxTargetPlatform
[2016.04.04-01.11.14:191][  0]LogTargetPlatformManager:Display: Building Assets For Windows
[2016.04.04-01.11.14:418][  0]LogDerivedDataCache:Display: Max Cache Size: 512 MB
[2016.04.04-01.11.14:475][  0]LogDerivedDataCache: Loaded boot cache 0.06s 58MB C:/Users/jacka/AppData/Local/UnrealEngine/4.11/DerivedDataCache/Boot.ddc.
[2016.04.04-01.11.14:475][  0]LogDerivedDataCache:Display: Loaded Boot cache: C:/Users/jacka/AppData/Local/UnrealEngine/4.11/DerivedDataCache/Boot.ddc
[2016.04.04-01.11.14:475][  0]LogDerivedDataCache: FDerivedDataBackendGraph:  Pak pak cache file G:/Creation/Skyblock64/DerivedDataCache/DDC.ddp not found, will not use a pak cache.
[2016.04.04-01.11.14:475][  0]LogDerivedDataCache: Unable to find inner node Pak for hierarchical cache Hierarchy.
[2016.04.04-01.11.14:476][  0]LogDerivedDataCache: FDerivedDataBackendGraph:  CompressedPak pak cache file G:/Creation/Skyblock64/DerivedDataCache/Compressed.ddp not found, will not use a pak cache.
[2016.04.04-01.11.14:476][  0]LogDerivedDataCache: Unable to find inner node CompressedPak for hierarchical cache Hierarchy.
[2016.04.04-01.11.14:492][  0]LogDerivedDataCache:Display: Pak cache opened for reading ../../../Engine/DerivedDataCache/Compressed.ddp.
[2016.04.04-01.11.14:504][  0]LogDerivedDataCache: Using Local data cache path C:/Users/jacka/AppData/Local/UnrealEngine/Common/DerivedDataCache: Writable
[2016.04.04-01.11.16:279][  0]LogInit: Selected Device Profile: [Windows]
[2016.04.04-01.11.16:280][  0]LogContentStreaming: Texture pool size is 0.00 MB
[2016.04.04-01.11.16:393][  0]LogMaterial: Uniform references updated for custom material expression Custom.
[2016.04.04-01.11.16:516][  0]LogMeshUtilities: No automatic mesh reduction module available
[2016.04.04-01.11.16:516][  0]LogMeshUtilities: No automatic mesh merging module available
[2016.04.04-01.11.16:516][  0]LogMeshUtilities: No distributed automatic mesh merging module available
[2016.04.04-01.11.16:915][  0]LogUObjectArray: 27672 objects as part of root set at end of initial load.
[2016.04.04-01.11.16:915][  0]LogUObjectAllocator: 5589896 out of 0 bytes used by permanent object pool.
[2016.04.04-01.11.16:915][  0]LogUObjectArray: CloseDisregardForGC: 0/0 objects in disregard for GC pool
[2016.04.04-01.11.16:920][  0]LogInit: WinSock: version 1.1 (2.2), MaxSocks=32767, MaxUdp=65467
[2016.04.04-01.11.17:012][  0]LogSlate: SlateFontCache - WITH_FREETYPE: 1, WITH_HARFBUZZ: 1
[2016.04.04-01.11.17:012][  0]LogSlate: SlateFontCache - WITH_FREETYPE: 1, WITH_HARFBUZZ: 1
[2016.04.04-01.11.17:203][  0]LogStreaming:Warning: Failed to read file '../../../Engine/Content/Editor/Slate/Common/Selection_16x.png' error.
[2016.04.04-01.11.17:203][  0]LogSlate: Could not find file for Slate resource: ../../../Engine/Content/Editor/Slate/Common/Selection_16x.png
[2016.04.04-01.11.17:203][  0]LogStreaming:Warning: Failed to read file '../../../Engine/Content/Editor/Slate/Common/Selection_16x.png' error.
[2016.04.04-01.11.17:203][  0]LogSlate: Could not find file for Slate resource: ../../../Engine/Content/Editor/Slate/Common/Selection_16x.png
[2016.04.04-01.11.17:203][  0]LogStreaming:Warning: Failed to read file '../../../Engine/Content/Editor/Slate/Common/Selection_16x.png' error.
[2016.04.04-01.11.17:203][  0]LogSlate: Could not find file for Slate resource: ../../../Engine/Content/Editor/Slate/Common/Selection_16x.png
[2016.04.04-01.11.18:116][  0]LogUdpMessaging: Initializing bridge on interface 0.0.0.0:0 to multicast group 230.0.0.1:6666.
[2016.04.04-01.11.18:229][  0]LogAssetRegistry: FAssetRegistry took 0.0222 seconds to start up
[2016.04.04-01.11.18:450][  0]SourceControl: Info Source control is disabled
[2016.04.04-01.11.18:453][  0]SourceControl: Info Source control is disabled
[2016.04.04-01.11.18:460][  0]SourceControl: Info Source control is disabled
[2016.04.04-01.11.18:466][  0]SourceControl: Info Source control is disabled
[2016.04.04-01.11.18:645][  0]LogEngine: Initializing Engine...
[2016.04.04-01.11.18:665][  0]LogHMD: SteamVR failed to initialize.  Err: 110
[2016.04.04-01.11.18:879][  0]LogAIModule: Creating AISystem for world NewWorld
[2016.04.04-01.11.18:886][  0]LogInit: XAudio2 using 'Speakers (Realtek High Definition Audio)' : 2 channels at 48 kHz using 32 bits per sample (channel mask 0x3)
[2016.04.04-01.11.18:898][  0]LogInit: FAudioDevice initialized.
[2016.04.04-01.11.18:929][  0]LogDerivedDataCache: Saved boot cache 0.03s 58MB C:/Users/jacka/AppData/Local/UnrealEngine/4.11/DerivedDataCache/Boot.ddc.
[2016.04.04-01.11.18:936][  0]LogInit: Texture streaming: Enabled
[2016.04.04-01.11.18:967][  0]LogInit: Transaction tracking system initialized
[2016.04.04-01.11.18:989][  0]BlueprintLog: New page: Editor Load
[2016.04.04-01.11.19:057][  0]LocalizationService: Info Localization service is disabled
[2016.04.04-01.11.19:118][  0]LogConsoleResponse:Display: 
[2016.04.04-01.11.19:319][  0]LogCook:Display: Max memory allowance for cook 8192mb
[2016.04.04-01.11.19:319][  0]LogCook:Display: Mobile HDR setting 1
[2016.04.04-01.11.19:319][  0]LogCook:Display: Done creating registry. It took  0.00s.
[2016.04.04-01.11.19:362][  0]LogFileCache: Scanning file cache for directory 'G:/Creation/Skyblock64/Content/' took 0.01s
[2016.04.04-01.11.19:362][  0]SourceControl: Info Source control is disabled
[2016.04.04-01.11.19:362][  0]Cmd: MAP LOAD FILE="G:/Creation/Skyblock64/Content/StarterContent/Maps/Minimal_Default.umap" TEMPLATE=0 SHOWPROGRESS=1 FEATURELEVEL=3
[2016.04.04-01.11.19:363][  0]LightingResults: New page: Lighting Build
[2016.04.04-01.11.19:365][  0]MapCheck: New page: Map Check
[2016.04.04-01.11.19:365][  0]LightingResults: New page: Lighting Build
[2016.04.04-01.11.19:380][  0]LogAIModule: Creating AISystem for world Minimal_Default
[2016.04.04-01.11.19:483][  0]LogEditorServer: Finished looking for orphan Actors (0.000 secs)
[2016.04.04-01.11.19:484][  0]Cmd: MAP CHECKDEP NOCLEARLOG
[2016.04.04-01.11.19:512][  0]MapCheck: Info Map check complete: 0 Error(s), 0 Warning(s), took 27.912ms to complete.
[2016.04.04-01.11.19:512][  0]LogFileHelpers: Loading map 'Minimal_Default' took 0.150
[2016.04.04-01.11.20:196][  0]LogCollectionManager: Loaded 0 collections in 0.001493 seconds
[2016.04.04-01.11.20:406][  0]LogFileCache: Scanning file cache for directory 'G:/Creation/Skyblock64/Saved/Collections/' took 0.01s
[2016.04.04-01.11.20:406][  0]LogFileCache: Scanning file cache for directory 'G:/Creation/Skyblock64/Content/Developers/jacka/Collections/' took 0.01s
[2016.04.04-01.11.20:406][  0]LogFileCache: Scanning file cache for directory 'G:/Creation/Skyblock64/Content/Collections/' took 0.01s
[2016.04.04-01.11.20:406][  0]LogCollectionManager: Rebuilt the GUID cache for 0 collections in 0.000002 seconds
[2016.04.04-01.11.20:412][  0]LogContentBrowser: Native class hierarchy populated in 0.0063 seconds. Added 1978 classes and 343 folders.
[2016.04.04-01.11.20:442][  0]LogStats: UGameplayTagsManager::ConstructGameplayTagTree: Construct from data asset -  0.000 s
[2016.04.04-01.11.20:442][  0]LogStats: UGameplayTagsManager::ConstructGameplayTagTree: GameplayTagTreeChangedEvent.Broadcast -  0.000 s
[2016.04.04-01.11.20:443][  0]LogContentBrowser: Native class hierarchy updated for 'GameplayTags' in 0.0005 seconds. Added 12 classes and 0 folders.
[2016.04.04-01.11.20:463][  0]LogContentBrowser: Native class hierarchy updated for 'WidgetCarousel' in 0.0004 seconds. Added 0 classes and 0 folders.
[2016.04.04-01.11.20:536][  0]LogContentBrowser: Native class hierarchy updated for 'SuperSearch' in 0.0005 seconds. Added 1 classes and 2 folders.
[2016.04.04-01.11.21:670][  0]LogContentBrowser: Native class hierarchy updated for 'AddContentDialog' in 0.0004 seconds. Added 0 classes and 0 folders.
[2016.04.04-01.11.21:701][  0]LogContentBrowser: Native class hierarchy updated for 'SceneOutliner' in 0.0006 seconds. Added 1 classes and 2 folders.
[2016.04.04-01.11.21:969][  0]LogCrashTracker: Crashtracker disabled due to settings.
[2016.04.04-01.11.22:052][  0]LogTexture:Display: Building textures: Blueprint_64x (BGRA8)
[2016.04.04-01.11.22:054][  0]LogTexture:Display: Building textures: icon_Editor_Preferences_General_40x (BGRA8)
[2016.04.04-01.11.22:056][  0]LogTexture:Display: Building textures: Paper2DSprite_TutorialIcon (BGRA8)
[2016.04.04-01.11.22:058][  0]LogTexture:Display: Building textures: icon_ShowSkeletalMeshes_40x (BGRA8)
[2016.04.04-01.11.22:059][  0]LogTexture:Display: Building textures: Landscape (BGRA8)
[2016.04.04-01.11.22:059][  0]LogTexture:Display: Building textures: Foliage (BGRA8)
[2016.04.04-01.11.22:092][  0]LogContentBrowser: Native class hierarchy updated for 'HierarchicalLODOutliner' in 0.0004 seconds. Added 1 classes and 2 folders.
[2016.04.04-01.11.22:092][  0]LogLoad: Full Startup: 11.36 seconds (BP compile: 0.02 seconds)
[2016.04.04-01.11.22:092][  0]LogExternalProfiler: Found external profiler: VSPerf
[2016.04.04-01.11.22:092][  0]LogExternalProfiler: Using external profiler: VSPerf
[2016.04.04-01.11.22:431][  0]LogOcInput: Can't find Oculus library dev build: is proper Runtime installed? Version: 0.8.0.0
[2016.04.04-01.11.22:729][  0]LogContentStreaming: Texture pool size now 1000 MB
[2016.04.04-01.11.22:777][  0]LogTexture:Display: Building textures: icon_tab_Levels_40x (BGRA8)
[2016.04.04-01.11.22:854][  0]LogTexture:Display: Building textures: LevelGrid1DStripes (BGRA8)
[2016.04.04-01.11.23:055][  1]LogRenderer: Reallocating scene render targets to support 828x388 (Frame:2).
[2016.04.04-01.11.23:072][  1]LogAssetRegistry: Asset discovery search completed in 4.8647 seconds
[2016.04.04-01.11.23:072][  1]LogCollectionManager: Rebuilt the object cache for 0 collections in 0.000001 seconds (found 0 objects)
[2016.04.04-01.11.23:072][  1]LogCollectionManager: Fixed up redirectors for 0 collections in 0.000016 seconds (updated 0 objects)
[2016.04.04-01.11.26:140][ 11]LogRenderer: Reallocating scene render targets to support 1208x576 (Frame:5).
[2016.04.04-01.15.27:789][874]LogBlueprintUserMessages: Early PlayInEditor Detection: Level '/Game/StarterContent/Maps/Minimal_Default.Minimal_Default:PersistentLevel' has LevelScriptBlueprint '/Game/StarterContent/Maps/Minimal_Default.Minimal_Default:PersistentLevel.Minimal_Default' with GeneratedClass '/Game/StarterContent/Maps/Minimal_Default.Minimal_Default_C' with ClassGeneratedBy '/Game/StarterContent/Maps/Minimal_Default.Minimal_Default:PersistentLevel.Minimal_Default'
[2016.04.04-01.15.27:789][874]LogPlayLevel: PlayLevel: No blueprints needed recompiling
[2016.04.04-01.15.27:952][874]PIE: New page: PIE session: Minimal_Default (4 Apr 2016 02:15:27)
[2016.04.04-01.15.27:952][874]LogPlayLevel: Creating play world package: /Game/StarterContent/Maps/UEDPIE_0_Minimal_Default
[2016.04.04-01.15.27:961][874]LogPlayLevel: PIE: StaticDuplicateObject took: (0.008392s)
[2016.04.04-01.15.27:961][874]LogAIModule: Creating AISystem for world Minimal_Default
[2016.04.04-01.15.27:961][874]LogPlayLevel: PIE: World Init took: (0.000689s)
[2016.04.04-01.15.27:962][874]LogPlayLevel: PIE: Created PIE world by copying editor world from /Game/StarterContent/Maps/Minimal_Default.Minimal_Default to /Game/StarterContent/Maps/UEDPIE_0_Minimal_Default.Minimal_Default (0.009293s)
[2016.04.04-01.15.27:974][874]LogInit: XAudio2 using 'Speakers (Realtek High Definition Audio)' : 2 channels at 48 kHz using 32 bits per sample (channel mask 0x3)
[2016.04.04-01.15.27:984][874]LogInit: FAudioDevice initialized.
[2016.04.04-01.15.28:179][874]LogTexture:Display: Building textures: tempcharidle (AutoDXT)
[2016.04.04-01.15.28:185][874]LogWorld: Game class is 'MyGame_C'
[2016.04.04-01.15.28:207][874]LogWorld: Bringing World /Game/StarterContent/Maps/UEDPIE_0_Minimal_Default.Minimal_Default up for play (max tick rate 0) at 2016.04.04-02.15.28
[2016.04.04-01.15.28:207][874]LogWorld: Bringing up level for play took: 0.002339
[2016.04.04-01.15.28:261][874]LogContentBrowser: Native class hierarchy updated for 'MovieSceneCapture' in 0.0005 seconds. Added 9 classes and 0 folders.
[2016.04.04-01.15.28:291][874]PIE: Info Play in editor start time for /Game/StarterContent/Maps/UEDPIE_0_Minimal_Default -0.193
[2016.04.04-01.15.28:292][874]LogBlueprintUserMessages: Late PlayInEditor Detection: Level '/Game/StarterContent/Maps/Minimal_Default.Minimal_Default:PersistentLevel' has LevelScriptBlueprint '/Game/StarterContent/Maps/Minimal_Default.Minimal_Default:PersistentLevel.Minimal_Default' with GeneratedClass '/Game/StarterContent/Maps/Minimal_Default.Minimal_Default_C' with ClassGeneratedBy '/Game/StarterContent/Maps/Minimal_Default.Minimal_Default:PersistentLevel.Minimal_Default'
[2016.04.04-01.17.58:535][943]SourceControl: Info On branch master
[2016.04.04-01.17.58:535][943]SourceControl: Info Your branch is up-to-date with 'origin/master'.
[2016.04.04-01.17.58:535][943]SourceControl: Info Changes not staged for commit:
[2016.04.04-01.17.58:535][943]SourceControl: Info   (use "git add <file>..." to update what will be committed)
[2016.04.04-01.17.58:535][943]SourceControl: Info   (use "git checkout -- <file>..." to discard changes in working directory)
[2016.04.04-01.17.58:535][943]SourceControl: Info 	modified:   Intermediate/CachedAssetRegistry.bin
[2016.04.04-01.17.58:535][943]SourceControl: Info 	modified:   Intermediate/Config/CoalescedSourceConfigs/Engine.ini
[2016.04.04-01.17.58:535][943]SourceControl: Info 	modified:   Intermediate/Config/CoalescedSourceConfigs/Game.ini
[2016.04.04-01.17.58:535][943]SourceControl: Info 	modified:   Saved/Config/Windows/EditorPerProjectUserSettings.ini
[2016.04.04-01.17.58:535][943]SourceControl: Info 	modified:   Saved/Config/Windows/Engine.ini
[2016.04.04-01.17.58:535][943]SourceControl: Info 	modified:   Saved/Config/Windows/SourceControlSettings.ini
[2016.04.04-01.17.58:535][943]SourceControl: Info 	modified:   Saved/Logs/skyblock64.log
[2016.04.04-01.17.58:535][943]SourceControl: Info Untracked files:
[2016.04.04-01.17.58:535][943]SourceControl: Info   (use "git add <file>..." to include in what will be committed)
[2016.04.04-01.17.58:535][943]SourceControl: Info 	Saved/Logs/skyblock64-backup-2016.04.04-02.11.11.log
[2016.04.04-01.17.58:535][943]SourceControl: Info no changes added to commit (use "git add" and/or "git commit -a")
[2016.04.04-01.18.21:915][725]LogBlueprintUserMessages: Early EndPlayMap Detection: Level '/Game/StarterContent/Maps/Minimal_Default.Minimal_Default:PersistentLevel' has LevelScriptBlueprint '/Game/StarterContent/Maps/Minimal_Default.Minimal_Default:PersistentLevel.Minimal_Default' with GeneratedClass '/Game/StarterContent/Maps/Minimal_Default.Minimal_Default_C' with ClassGeneratedBy '/Game/StarterContent/Maps/Minimal_Default.Minimal_Default:PersistentLevel.Minimal_Default'
[2016.04.04-01.18.21:981][725]LogBlueprintUserMessages: Late EndPlayMap Detection: Level '/Game/StarterContent/Maps/Minimal_Default.Minimal_Default:PersistentLevel' has LevelScriptBlueprint '/Game/StarterContent/Maps/Minimal_Default.Minimal_Default:PersistentLevel.Minimal_Default' with GeneratedClass '/Game/StarterContent/Maps/Minimal_Default.Minimal_Default_C' with ClassGeneratedBy '/Game/StarterContent/Maps/Minimal_Default.Minimal_Default:PersistentLevel.Minimal_Default'
[2016.04.04-01.18.54:112][946]LogContentBrowser: Native class hierarchy updated for 'BlueprintGraph' in 0.0007 seconds. Added 108 classes and 0 folders.
[2016.04.04-01.19.08:432][430]LogEditorViewport: Clicking Background
[2016.04.04-01.19.11:565][788]Cmd: OBJ SAVEPACKAGE PACKAGE="/Game/Character/randz" FILE="G:/Creation/Skyblock64/Content/Character/randz.uasset" SILENT=true
[2016.04.04-01.19.11:602][788]LogSavePackage: Save=36.00ms
[2016.04.04-01.19.11:602][788]LogSavePackage: Moving 'G:/Creation/Skyblock64/Saved/randz4C31F219448CBFDBC77F178C772A2556.tmp' to 'G:/Creation/Skyblock64/Content/Character/randz.uasset'
[2016.04.04-01.19.11:604][788]LogSavePackage: Total save time: 38.74ms
[2016.04.04-01.19.11:604][788]LogSavePackage:Display: Finished SavePackage G:/Creation/Skyblock64/Content/Character/randz.uasset
[2016.04.04-01.19.20:163][756]SourceControl: Info fatal: C:/Program Files (x86)/Epic Games/4.11/Engine/Content/ArtTools/RenderToTexture/Blueprints/PhysMesh.uasset: 'C:/Program Files (x86)/Epic Games/4.11/Engine/Content/ArtTools/RenderToTexture/Blueprints/PhysMesh.uasset' is outside repository
[2016.04.04-01.19.20:163][756]SourceControl: Info fatal: C:/Program Files (x86)/Epic Games/4.11/Engine/Content/ArtTools/RenderToTexture/Enums/EFloatTypes.uasset: 'C:/Program Files (x86)/Epic Games/4.11/Engine/Content/ArtTools/RenderToTexture/Enums/EFloatTypes.uasset' is outside repository
[2016.04.04-01.19.20:163][756]SourceControl: Info fatal: C:/Program Files (x86)/Epic Games/4.11/Engine/Content/ArtTools/RenderToTexture/Macros/RenderToTextureFunctionLibrary.uasset: 'C:/Program Files (x86)/Epic Games/4.11/Engine/Content/ArtTools/RenderToTexture/Macros/RenderToTextureFunctionLibrary.uasset' is outside repository
[2016.04.04-01.19.20:163][756]SourceControl: Info fatal: C:/Program Files (x86)/Epic Games/4.11/Engine/Content/ArtTools/RenderToTexture/MaterialFunctions/BoundingSphereBased_0-1_UVW.uasset: 'C:/Program Files (x86)/Epic Games/4.11/Engine/Content/ArtTools/RenderToTexture/MaterialFunctions/BoundingSphereBased_0-1_UVW.uasset' is outside repository
[2016.04.04-01.19.20:163][756]SourceControl: Info fatal: C:/Program Files (x86)/Epic Games/4.11/Engine/Content/ArtTools/RenderToTexture/Materials/MPC_R2T.uasset: 'C:/Program Files (x86)/Epic Games/4.11/Engine/Content/ArtTools/RenderToTexture/Materials/MPC_R2T.uasset' is outside repository
[2016.04.04-01.19.20:163][756]SourceControl: Info fatal: C:/Program Files (x86)/Epic Games/4.11/Engine/Content/ArtTools/RenderToTexture/Materials/Debug/M_2sidedLit.uasset: 'C:/Program Files (x86)/Epic Games/4.11/Engine/Content/ArtTools/RenderToTexture/Materials/Debug/M_2sidedLit.uasset' is outside repository
[2016.04.04-01.19.20:163][756]SourceControl: Info fatal: C:/Program Files (x86)/Epic Games/4.11/Engine/Content/ArtTools/RenderToTexture/Materials/Flipbooks/M_FlipBookCounter_01.uasset: 'C:/Program Files (x86)/Epic Games/4.11/Engine/Content/ArtTools/RenderToTexture/Materials/Flipbooks/M_FlipBookCounter_01.uasset' is outside repository
[2016.04.04-01.19.20:163][756]SourceControl: Info fatal: C:/Program Files (x86)/Epic Games/4.11/Engine/Content/ArtTools/RenderToTexture/Materials/Imposters/M_ImposterTest_01.uasset: 'C:/Program Files (x86)/Epic Games/4.11/Engine/Content/ArtTools/RenderToTexture/Materials/Imposters/M_ImposterTest_01.uasset' is outside repository
[2016.04.04-01.19.20:163][756]SourceControl: Info fatal: C:/Program Files (x86)/Epic Games/4.11/Engine/Content/ArtTools/RenderToTexture/Meshes/ShadowTestMesh.uasset: 'C:/Program Files (x86)/Epic Games/4.11/Engine/Content/ArtTools/RenderToTexture/Meshes/ShadowTestMesh.uasset' is outside repository
[2016.04.04-01.19.20:163][756]SourceControl: Info fatal: C:/Program Files (x86)/Epic Games/4.11/Engine/Content/ArtTools/RenderToTexture/Textures/127grey.uasset: 'C:/Program Files (x86)/Epic Games/4.11/Engine/Content/ArtTools/RenderToTexture/Textures/127grey.uasset' is outside repository
[2016.04.04-01.19.20:163][756]SourceControl: Info fatal: C:/Program Files (x86)/Epic Games/4.11/Engine/Content/ArtTools/RenderToTexture/Textures/FlipbookMotionVectors/Position1.uasset: 'C:/Program Files (x86)/Epic Games/4.11/Engine/Content/ArtTools/RenderToTexture/Textures/FlipbookMotionVectors/Position1.uasset' is outside repository
[2016.04.04-01.19.20:163][756]SourceControl: Info fatal: C:/Program Files (x86)/Epic Games/4.11/Engine/Content/BasicShapes/BasicShapeMaterial.uasset: 'C:/Program Files (x86)/Epic Games/4.11/Engine/Content/BasicShapes/BasicShapeMaterial.uasset' is outside repository
[2016.04.04-01.19.20:163][756]SourceControl: Info fatal: C:/Program Files (x86)/Epic Games/4.11/Engine/Content/BufferVisualization/AmbientOcclusion.uasset: 'C:/Program Files (x86)/Epic Games/4.11/Engine/Content/BufferVisualization/AmbientOcclusion.uasset' is outside repository
[2016.04.04-01.19.20:163][756]SourceControl: Info fatal: C:/Program Files (x86)/Epic Games/4.11/Engine/Content/Editor/Slate/Icons/AssetIcons/Cone_16x.uasset: 'C:/Program Files (x86)/Epic Games/4.11/Engine/Content/Editor/Slate/Icons/AssetIcons/Cone_16x.uasset' is outside repository
[2016.04.04-01.19.20:163][756]SourceControl: Info fatal: C:/Program Files (x86)/Epic Games/4.11/Engine/Content/EditorBlueprintResources/ActorMacros.uasset: 'C:/Program Files (x86)/Epic Games/4.11/Engine/Content/EditorBlueprintResources/ActorMacros.uasset' is outside repository
[2016.04.04-01.19.20:163][756]SourceControl: Info fatal: C:/Program Files (x86)/Epic Games/4.11/Engine/Content/EditorKismetResources/StandardMacros.uasset: 'C:/Program Files (x86)/Epic Games/4.11/Engine/Content/EditorKismetResources/StandardMacros.uasset' is outside repository
[2016.04.04-01.19.20:163][756]SourceControl: Info fatal: C:/Program Files (x86)/Epic Games/4.11/Engine/Content/EditorLandscapeResources/AlphaBrushMaterial.uasset: 'C:/Program Files (x86)/Epic Games/4.11/Engine/Content/EditorLandscapeResources/AlphaBrushMaterial.uasset' is outside repository
[2016.04.04-01.19.20:163][756]SourceControl: Info fatal: C:/Program Files (x86)/Epic Games/4.11/Engine/Content/EditorMaterials/Anchor.uasset: 'C:/Program Files (x86)/Epic Games/4.11/Engine/Content/EditorMaterials/Anchor.uasset' is outside repository
[2016.04.04-01.19.20:163][756]SourceControl: Info fatal: C:/Program Files (x86)/Epic Games/4.11/Engine/Content/EditorMaterials/TreeArrow_ExpandedRealtimePreview.uasset: 'C:/Program Files (x86)/Epic Games/4.11/Engine/Content/EditorMaterials/TreeArrow_ExpandedRealtimePreview.uasset' is outside repository
[2016.04.04-01.19.20:163][756]SourceControl: Info fatal: C:/Program Files (x86)/Epic Games/4.11/Engine/Content/EditorMaterials/Cascade/CASC_BackgroundCube_MAT.uasset: 'C:/Program Files (x86)/Epic Games/4.11/Engine/Content/EditorMaterials/Cascade/CASC_BackgroundCube_MAT.uasset' is outside repository
[2016.04.04-01.19.20:163][756]SourceControl: Info fatal: C:/Program Files (x86)/Epic Games/4.11/Engine/Content/EditorMaterials/Matinee/MAT_EnableTrack_Mat.uasset: 'C:/Program Files (x86)/Epic Games/4.11/Engine/Content/EditorMaterials/Matinee/MAT_EnableTrack_Mat.uasset' is outside repository
[2016.04.04-01.19.20:163][756]SourceControl: Info fatal: C:/Program Files (x86)/Epic Games/4.11/Engine/Content/EditorMaterials/MatineeGroups/MAT_ColorTrack.uasset: 'C:/Program Files (x86)/Epic Games/4.11/Engine/Content/EditorMaterials/MatineeGroups/MAT_ColorTrack.uasset' is outside repository
[2016.04.04-01.19.20:163][756]SourceControl: Info fatal: C:/Program Files (x86)/Epic Games/4.11/Engine/Content/EditorMaterials/ParticleSystems/PSysThumbnail_NoImage.uasset: 'C:/Program Files (x86)/Epic Games/4.11/Engine/Content/EditorMaterials/ParticleSystems/PSysThumbnail_NoImage.uasset' is outside repository
[2016.04.04-01.19.20:163][756]SourceControl: Info fatal: C:/Program Files (x86)/Epic Games/4.11/Engine/Content/EditorMaterials/Thumbnails/FloorPlaneMaterial.uasset: 'C:/Program Files (x86)/Epic Games/4.11/Engine/Content/EditorMaterials/Thumbnails/FloorPlaneMaterial.uasset' is outside repository
[2016.04.04-01.19.20:163][756]SourceControl: Info fatal: C:/Program Files (x86)/Epic Games/4.11/Engine/Content/EditorMaterials/Utilities/ImageReflectionPreview.uasset: 'C:/Program Files (x86)/Epic Games/4.11/Engine/Content/EditorMaterials/Utilities/ImageReflectionPreview.uasset' is outside repository
[2016.04.04-01.19.20:163][756]SourceControl: Info fatal: C:/Program Files (x86)/Epic Games/4.11/Engine/Content/EditorMeshes/AnimTreeEd_PreviewFloor.uasset: 'C:/Program Files (x86)/Epic Games/4.11/Engine/Content/EditorMeshes/AnimTreeEd_PreviewFloor.uasset' is outside repository
[2016.04.04-01.19.20:163][756]SourceControl: Info fatal: C:/Program Files (x86)/Epic Games/4.11/Engine/Content/EditorMeshes/Cascade/BackgroundCube.uasset: 'C:/Program Files (x86)/Epic Games/4.11/Engine/Content/EditorMeshes/Cascade/BackgroundCube.uasset' is outside repository
[2016.04.04-01.19.20:163][756]SourceControl: Info fatal: C:/Program Files (x86)/Epic Games/4.11/Engine/Content/EditorMeshes/ColorCalibrator/M_ChromeBall.uasset: 'C:/Program Files (x86)/Epic Games/4.11/Engine/Content/EditorMeshes/ColorCalibrator/M_ChromeBall.uasset' is outside repository
[2016.04.04-01.19.20:163][756]SourceControl: Info fatal: C:/Program Files (x86)/Epic Games/4.11/Engine/Content/EditorMeshes/SkeletalMesh/DefaultSkeletalMesh.uasset: 'C:/Program Files (x86)/Epic Games/4.11/Engine/Content/EditorMeshes/SkeletalMesh/DefaultSkeletalMesh.uasset' is outside repository
[2016.04.04-01.19.20:163][756]SourceControl: Info fatal: C:/Program Files (x86)/Epic Games/4.11/Engine/Content/EditorResources/Ai_Spawnpoint.uasset: 'C:/Program Files (x86)/Epic Games/4.11/Engine/Content/EditorResources/Ai_Spawnpoint.uasset' is outside repository
[2016.04.04-01.19.20:163][756]SourceControl: Info fatal: C:/Program Files (x86)/Epic Games/4.11/Engine/Content/EditorResources/S_Thruster.uasset: 'C:/Program Files (x86)/Epic Games/4.11/Engine/Content/EditorResources/S_Thruster.uasset' is outside repository
[2016.04.04-01.19.20:163][756]SourceControl: Info fatal: C:/Program Files (x86)/Epic Games/4.11/Engine/Content/EditorResources/AI/S_NavLink.uasset: 'C:/Program Files (x86)/Epic Games/4.11/Engine/Content/EditorResources/AI/S_NavLink.uasset' is outside repository
[2016.04.04-01.19.20:163][756]SourceControl: Info fatal: C:/Program Files (x86)/Epic Games/4.11/Engine/Content/EditorResources/AudioIcons/S_Ambient_Sound_Moveable.uasset: 'C:/Program Files (x86)/Epic Games/4.11/Engine/Content/EditorResources/AudioIcons/S_Ambient_Sound_Moveable.uasset' is outside repository
[2016.04.04-01.19.20:163][756]SourceControl: Info fatal: C:/Program Files (x86)/Epic Games/4.11/Engine/Content/EditorResources/Crowd/T_Crowd_Spline.uasset: 'C:/Program Files (x86)/Epic Games/4.11/Engine/Content/EditorResources/Crowd/T_Crowd_Spline.uasset' is outside repository
[2016.04.04-01.19.20:163][756]SourceControl: Info fatal: C:/Program Files (x86)/Epic Games/4.11/Engine/Content/EditorResources/LightIcons/Light_Point_Stationary_Statics.uasset: 'C:/Program Files (x86)/Epic Games/4.11/Engine/Content/EditorResources/LightIcons/Light_Point_Stationary_Statics.uasset' is outside repository
[2016.04.04-01.19.20:163][756]SourceControl: Info fatal: C:/Program Files (x86)/Epic Games/4.11/Engine/Content/EditorResources/Spline/T_Loft_Spline.uasset: 'C:/Program Files (x86)/Epic Games/4.11/Engine/Content/EditorResources/Spline/T_Loft_Spline.uasset' is outside repository
[2016.04.04-01.19.20:163][756]SourceControl: Info fatal: C:/Program Files (x86)/Epic Games/4.11/Engine/Content/EditorShapes/Materials/MI_ShapeInstance.uasset: 'C:/Program Files (x86)/Epic Games/4.11/Engine/Content/EditorShapes/Materials/MI_ShapeInstance.uasset' is outside repository
[2016.04.04-01.19.20:163][756]SourceControl: Info fatal: C:/Program Files (x86)/Epic Games/4.11/Engine/Content/EditorShapes/Textures/T_ShapeDiffuse.uasset: 'C:/Program Files (x86)/Epic Games/4.11/Engine/Content/EditorShapes/Textures/T_ShapeDiffuse.uasset' is outside repository
[2016.04.04-01.19.20:163][756]SourceControl: Info fatal: C:/Program Files (x86)/Epic Games/4.11/Engine/Content/EditorShellMaterials/MI_BaseFlat.uasset: 'C:/Program Files (x86)/Epic Games/4.11/Engine/Content/EditorShellMaterials/MI_BaseFlat.uasset' is outside repository
[2016.04.04-01.19.20:163][756]SourceControl: Info fatal: C:/Program Files (x86)/Epic Games/4.11/Engine/Content/EditorShellMaterials/ManualUVs/MI_BaseGrid_MUV.uasset: 'C:/Program Files (x86)/Epic Games/4.11/Engine/Content/EditorShellMaterials/ManualUVs/MI_BaseGrid_MUV.uasset' is outside repository
[2016.04.04-01.19.20:163][756]SourceControl: Info fatal: C:/Program Files (x86)/Epic Games/4.11/Engine/Content/EditorShellMaterials/SketchUp/MI_BaseGrid_WUV_SketchUp.uasset: 'C:/Program Files (x86)/Epic Games/4.11/Engine/Content/EditorShellMaterials/SketchUp/MI_BaseGrid_WUV_SketchUp.uasset' is outside repository
[2016.04.04-01.19.20:164][756]SourceControl: Info fatal: C:/Program Files (x86)/Epic Games/4.11/Engine/Content/EditorShellMaterials/WorldUVs/MI_BaseGrid_WUV.uasset: 'C:/Program Files (x86)/Epic Games/4.11/Engine/Content/EditorShellMaterials/WorldUVs/MI_BaseGrid_WUV.uasset' is outside repository
[2016.04.04-01.19.20:164][756]SourceControl: Info fatal: C:/Program Files (x86)/Epic Games/4.11/Engine/Content/EditorSounds/GamePreview/EjectFromPlayer.uasset: 'C:/Program Files (x86)/Epic Games/4.11/Engine/Content/EditorSounds/GamePreview/EjectFromPlayer.uasset' is outside repository
[2016.04.04-01.19.20:164][756]SourceControl: Info fatal: C:/Program Files (x86)/Epic Games/4.11/Engine/Content/EditorSounds/Notifications/CompileFailed.uasset: 'C:/Program Files (x86)/Epic Games/4.11/Engine/Content/EditorSounds/Notifications/CompileFailed.uasset' is outside repository
[2016.04.04-01.19.20:164][756]SourceControl: Info fatal: C:/Program Files (x86)/Epic Games/4.11/Engine/Content/EngineDamageTypes/DmgTypeBP_Environmental.uasset: 'C:/Program Files (x86)/Epic Games/4.11/Engine/Content/EngineDamageTypes/DmgTypeBP_Environmental.uasset' is outside repository
[2016.04.04-01.19.20:164][756]SourceControl: Info fatal: C:/Program Files (x86)/Epic Games/4.11/Engine/Content/EngineDebugMaterials/BlackUnlitMaterial.uasset: 'C:/Program Files (x86)/Epic Games/4.11/Engine/Content/EngineDebugMaterials/BlackUnlitMaterial.uasset' is outside repository
[2016.04.04-01.19.20:164][756]SourceControl: Info fatal: C:/Program Files (x86)/Epic Games/4.11/Engine/Content/EngineDebugMaterials/LightingModels/M_TextureDefinedSpecularReflecti.uasset: 'C:/Program Files (x86)/Epic Games/4.11/Engine/Content/EngineDebugMaterials/LightingModels/M_TextureDefinedSpecularReflecti.uasset' is outside repository
[2016.04.04-01.19.20:164][756]SourceControl: Info fatal: C:/Program Files (x86)/Epic Games/4.11/Engine/Content/EngineFonts/Roboto.uasset: 'C:/Program Files (x86)/Epic Games/4.11/Engine/Content/EngineFonts/Roboto.uasset' is outside repository
[2016.04.04-01.19.20:164][756]SourceControl: Info fatal: C:/Program Files (x86)/Epic Games/4.11/Engine/Content/EngineLightProfiles/180Degree_IES.uasset: 'C:/Program Files (x86)/Epic Games/4.11/Engine/Content/EngineLightProfiles/180Degree_IES.uasset' is outside repository
[2016.04.04-01.19.20:164][756]SourceControl: Info fatal: C:/Program Files (x86)/Epic Games/4.11/Engine/Content/EngineMaterials/AntiAliasedTextMaterialTranslucent.uasset: 'C:/Program Files (x86)/Epic Games/4.11/Engine/Content/EngineMaterials/AntiAliasedTextMaterialTranslucent.uasset' is outside repository
[2016.04.04-01.19.20:164][756]SourceControl: Info fatal: C:/Program Files (x86)/Epic Games/4.11/Engine/Content/EngineMaterials/RandomMirrorDisc.uasset: 'C:/Program Files (x86)/Epic Games/4.11/Engine/Content/EngineMaterials/RandomMirrorDisc.uasset' is outside repository
[2016.04.04-01.19.20:164][756]SourceControl: Info fatal: C:/Program Files (x86)/Epic Games/4.11/Engine/Content/EngineMeshes/BackgroundCube.uasset: 'C:/Program Files (x86)/Epic Games/4.11/Engine/Content/EngineMeshes/BackgroundCube.uasset' is outside repository
[2016.04.04-01.19.20:164][756]SourceControl: Info fatal: C:/Program Files (x86)/Epic Games/4.11/Engine/Content/EngineProduction/ReferenceNormalMap.uasset: 'C:/Program Files (x86)/Epic Games/4.11/Engine/Content/EngineProduction/ReferenceNormalMap.uasset' is outside repository
[2016.04.04-01.19.20:164][756]SourceControl: Info fatal: C:/Program Files (x86)/Epic Games/4.11/Engine/Content/EngineResources/AICON-Green.uasset: 'C:/Program Files (x86)/Epic Games/4.11/Engine/Content/EngineResources/AICON-Green.uasset' is outside repository
[2016.04.04-01.19.20:164][756]SourceControl: Info fatal: C:/Program Files (x86)/Epic Games/4.11/Engine/Content/EngineResources/Cursors/Arrow.uasset: 'C:/Program Files (x86)/Epic Games/4.11/Engine/Content/EngineResources/Cursors/Arrow.uasset' is outside repository
[2016.04.04-01.19.20:164][756]SourceControl: Info fatal: C:/Program Files (x86)/Epic Games/4.11/Engine/Content/EngineSky/BP_Sky_Shere.uasset: 'C:/Program Files (x86)/Epic Games/4.11/Engine/Content/EngineSky/BP_Sky_Shere.uasset' is outside repository
[2016.04.04-01.19.20:164][756]SourceControl: Info fatal: C:/Program Files (x86)/Epic Games/4.11/Engine/Content/EngineSounds/Duck_Normal_Attack_MixMod.uasset: 'C:/Program Files (x86)/Epic Games/4.11/Engine/Content/EngineSounds/Duck_Normal_Attack_MixMod.uasset' is outside repository
[2016.04.04-01.19.20:164][756]SourceControl: Info fatal: C:/Program Files (x86)/Epic Games/4.11/Engine/Content/EngineSounds/ReverbSettings/Alley.uasset: 'C:/Program Files (x86)/Epic Games/4.11/Engine/Content/EngineSounds/ReverbSettings/Alley.uasset' is outside repository
[2016.04.04-01.19.20:164][756]SourceControl: Info fatal: C:/Program Files (x86)/Epic Games/4.11/Engine/Content/EngineTireTypes/DefaultTireType.uasset: 'C:/Program Files (x86)/Epic Games/4.11/Engine/Content/EngineTireTypes/DefaultTireType.uasset' is outside repository
[2016.04.04-01.19.20:164][756]SourceControl: Info fatal: C:/Program Files (x86)/Epic Games/4.11/Engine/Content/EngineVolumetrics/FalloffSphere/Materials/M_EV_FalloffSphere_Master_01.uasset: 'C:/Program Files (x86)/Epic Games/4.11/Engine/Content/EngineVolumetrics/FalloffSphere/Materials/M_EV_FalloffSphere_Master_01.uasset' is outside repository
[2016.04.04-01.19.20:164][756]SourceControl: Info fatal: C:/Program Files (x86)/Epic Games/4.11/Engine/Content/EngineVolumetrics/FalloffSphere/Mesh/S_EV_FalloffSphere_Mesh_01.uasset: 'C:/Program Files (x86)/Epic Games/4.11/Engine/Content/EngineVolumetrics/FalloffSphere/Mesh/S_EV_FalloffSphere_Mesh_01.uasset' is outside repository
[2016.04.04-01.19.20:164][756]SourceControl: Info fatal: C:/Program Files (x86)/Epic Games/4.11/Engine/Content/EngineVolumetrics/FogEnvironment/Materials/M_EV_FogEnvironment_Master_01.uasset: 'C:/Program Files (x86)/Epic Games/4.11/Engine/Content/EngineVolumetrics/FogEnvironment/Materials/M_EV_FogEnvironment_Master_01.uasset' is outside repository
[2016.04.04-01.19.20:164][756]SourceControl: Info fatal: C:/Program Files (x86)/Epic Games/4.11/Engine/Content/EngineVolumetrics/FogEnvironment/Mesh/S_EV_FogEnvironment_01_Mesh.uasset: 'C:/Program Files (x86)/Epic Games/4.11/Engine/Content/EngineVolumetrics/FogEnvironment/Mesh/S_EV_FogEnvironment_01_Mesh.uasset' is outside repository
[2016.04.04-01.19.20:164][756]SourceControl: Info fatal: C:/Program Files (x86)/Epic Games/4.11/Engine/Content/EngineVolumetrics/Fogsheet/T_EV_Fogsheet_FlareColors_01.uasset: 'C:/Program Files (x86)/Epic Games/4.11/Engine/Content/EngineVolumetrics/Fogsheet/T_EV_Fogsheet_FlareColors_01.uasset' is outside repository
[2016.04.04-01.19.20:164][756]SourceControl: Info fatal: C:/Program Files (x86)/Epic Games/4.11/Engine/Content/EngineVolumetrics/Fogsheet/Materials/M_EV_FogSheet_1sided_Master_01.uasset: 'C:/Program Files (x86)/Epic Games/4.11/Engine/Content/EngineVolumetrics/Fogsheet/Materials/M_EV_FogSheet_1sided_Master_01.uasset' is outside repository
[2016.04.04-01.19.20:164][756]SourceControl: Info fatal: C:/Program Files (x86)/Epic Games/4.11/Engine/Content/EngineVolumetrics/Fogsheet/Mesh/MI_Fogsheet_HideClose.uasset: 'C:/Program Files (x86)/Epic Games/4.11/Engine/Content/EngineVolumetrics/Fogsheet/Mesh/MI_Fogsheet_HideClose.uasset' is outside repository
[2016.04.04-01.19.20:164][756]SourceControl: Info fatal: C:/Program Files (x86)/Epic Games/4.11/Engine/Content/EngineVolumetrics/LightBeam/Materials/M_EV_Lightbeam_Master_01.uasset: 'C:/Program Files (x86)/Epic Games/4.11/Engine/Content/EngineVolumetrics/LightBeam/Materials/M_EV_Lightbeam_Master_01.uasset' is outside repository
[2016.04.04-01.19.20:164][756]SourceControl: Info fatal: C:/Program Files (x86)/Epic Games/4.11/Engine/Content/EngineVolumetrics/LightBeam/Mesh/S_EV_SimpleLightBeam_01.uasset: 'C:/Program Files (x86)/Epic Games/4.11/Engine/Content/EngineVolumetrics/LightBeam/Mesh/S_EV_SimpleLightBeam_01.uasset' is outside repository
[2016.04.04-01.19.20:164][756]SourceControl: Info fatal: C:/Program Files (x86)/Epic Games/4.11/Engine/Content/Engine_MI_Shaders/MI_Shader_BaseTileEx.uasset: 'C:/Program Files (x86)/Epic Games/4.11/Engine/Content/Engine_MI_Shaders/MI_Shader_BaseTileEx.uasset' is outside repository
[2016.04.04-01.19.20:164][756]SourceControl: Info fatal: C:/Program Files (x86)/Epic Games/4.11/Engine/Content/Engine_MI_Shaders/Instances/M_ES_Phong_Opaque_INST_01.uasset: 'C:/Program Files (x86)/Epic Games/4.11/Engine/Content/Engine_MI_Shaders/Instances/M_ES_Phong_Opaque_INST_01.uasset' is outside repository
[2016.04.04-01.19.20:164][756]SourceControl: Info fatal: C:/Program Files (x86)/Epic Games/4.11/Engine/Content/Engine_MI_Shaders/Textures/Bokeh.uasset: 'C:/Program Files (x86)/Epic Games/4.11/Engine/Content/Engine_MI_Shaders/Textures/Bokeh.uasset' is outside repository
[2016.04.04-01.19.20:164][756]SourceControl: Info fatal: C:/Program Files (x86)/Epic Games/4.11/Engine/Content/FunctionalTesting/Blueprints/AITesting_MoveGoal.uasset: 'C:/Program Files (x86)/Epic Games/4.11/Engine/Content/FunctionalTesting/Blueprints/AITesting_MoveGoal.uasset' is outside repository
[2016.04.04-01.19.20:164][756]SourceControl: Info fatal: C:/Program Files (x86)/Epic Games/4.11/Engine/Content/Functions/DistanceFields/Combiners/DistanceField_Intersection.uasset: 'C:/Program Files (x86)/Epic Games/4.11/Engine/Content/Functions/DistanceFields/Combiners/DistanceField_Intersection.uasset' is outside repository
[2016.04.04-01.19.20:164][756]SourceControl: Info fatal: C:/Program Files (x86)/Epic Games/4.11/Engine/Content/Functions/DistanceFields/Shapes/DistanceField_Capsule.uasset: 'C:/Program Files (x86)/Epic Games/4.11/Engine/Content/Functions/DistanceFields/Shapes/DistanceField_Capsule.uasset' is outside repository
[2016.04.04-01.19.20:164][756]SourceControl: Info fatal: C:/Program Files (x86)/Epic Games/4.11/Engine/Content/Functions/Engine_MaterialFunctions01/AlphaBlend/World_Aligned_Blend.uasset: 'C:/Program Files (x86)/Epic Games/4.11/Engine/Content/Functions/Engine_MaterialFunctions01/AlphaBlend/World_Aligned_Blend.uasset' is outside repository
[2016.04.04-01.19.20:164][756]SourceControl: Info fatal: C:/Program Files (x86)/Epic Games/4.11/Engine/Content/Functions/Engine_MaterialFunctions01/Coordinates/DrawLine-2D.uasset: 'C:/Program Files (x86)/Epic Games/4.11/Engine/Content/Functions/Engine_MaterialFunctions01/Coordinates/DrawLine-2D.uasset' is outside repository
[2016.04.04-01.19.20:164][756]SourceControl: Info fatal: C:/Program Files (x86)/Epic Games/4.11/Engine/Content/Functions/Engine_MaterialFunctions01/Debug/DebugBinaryValues-Float.uasset: 'C:/Program Files (x86)/Epic Games/4.11/Engine/Content/Functions/Engine_MaterialFunctions01/Debug/DebugBinaryValues-Float.uasset' is outside repository
[2016.04.04-01.19.20:164][756]SourceControl: Info fatal: C:/Program Files (x86)/Epic Games/4.11/Engine/Content/Functions/Engine_MaterialFunctions01/Density/ExponentialDensity.uasset: 'C:/Program Files (x86)/Epic Games/4.11/Engine/Content/Functions/Engine_MaterialFunctions01/Density/ExponentialDensity.uasset' is outside repository
[2016.04.04-01.19.20:164][756]SourceControl: Info fatal: C:/Program Files (x86)/Epic Games/4.11/Engine/Content/Functions/Engine_MaterialFunctions01/Gradient/BellCurve.uasset: 'C:/Program Files (x86)/Epic Games/4.11/Engine/Content/Functions/Engine_MaterialFunctions01/Gradient/BellCurve.uasset' is outside repository
[2016.04.04-01.19.20:164][756]SourceControl: Info fatal: C:/Program Files (x86)/Epic Games/4.11/Engine/Content/Functions/Engine_MaterialFunctions01/ImageAdjustment/3ColorBlend.uasset: 'C:/Program Files (x86)/Epic Games/4.11/Engine/Content/Functions/Engine_MaterialFunctions01/ImageAdjustment/3ColorBlend.uasset' is outside repository
[2016.04.04-01.19.20:164][756]SourceControl: Info fatal: C:/Program Files (x86)/Epic Games/4.11/Engine/Content/Functions/Engine_MaterialFunctions01/Lighting/PixelDepthOffset_Foliage.uasset: 'C:/Program Files (x86)/Epic Games/4.11/Engine/Content/Functions/Engine_MaterialFunctions01/Lighting/PixelDepthOffset_Foliage.uasset' is outside repository
[2016.04.04-01.19.20:164][756]SourceControl: Info fatal: C:/Program Files (x86)/Epic Games/4.11/Engine/Content/Functions/Engine_MaterialFunctions01/Opacity/AlphaOffset.uasset: 'C:/Program Files (x86)/Epic Games/4.11/Engine/Content/Functions/Engine_MaterialFunctions01/Opacity/AlphaOffset.uasset' is outside repository
[2016.04.04-01.19.20:164][756]SourceControl: Info fatal: C:/Program Files (x86)/Epic Games/4.11/Engine/Content/Functions/Engine_MaterialFunctions01/Reflections/ReflectionVectorSoft.uasset: 'C:/Program Files (x86)/Epic Games/4.11/Engine/Content/Functions/Engine_MaterialFunctions01/Reflections/ReflectionVectorSoft.uasset' is outside repository
[2016.04.04-01.19.20:164][756]SourceControl: Info fatal: C:/Program Files (x86)/Epic Games/4.11/Engine/Content/Functions/Engine_MaterialFunctions01/Shading/CalcLightsourceAngle.uasset: 'C:/Program Files (x86)/Epic Games/4.11/Engine/Content/Functions/Engine_MaterialFunctions01/Shading/CalcLightsourceAngle.uasset' is outside repository
[2016.04.04-01.19.20:164][756]SourceControl: Info fatal: C:/Program Files (x86)/Epic Games/4.11/Engine/Content/Functions/Engine_MaterialFunctions01/SpeedTree/SpeedTreeColorVariation.uasset: 'C:/Program Files (x86)/Epic Games/4.11/Engine/Content/Functions/Engine_MaterialFunctions01/SpeedTree/SpeedTreeColorVariation.uasset' is outside repository
[2016.04.04-01.19.20:164][756]SourceControl: Info fatal: C:/Program Files (x86)/Epic Games/4.11/Engine/Content/Functions/Engine_MaterialFunctions01/Texturing/BakedDisplacement.uasset: 'C:/Program Files (x86)/Epic Games/4.11/Engine/Content/Functions/Engine_MaterialFunctions01/Texturing/BakedDisplacement.uasset' is outside repository
[2016.04.04-01.19.20:164][756]SourceControl: Info fatal: C:/Program Files (x86)/Epic Games/4.11/Engine/Content/Functions/Engine_MaterialFunctions01/Vectors/MF_RotateVector_90.uasset: 'C:/Program Files (x86)/Epic Games/4.11/Engine/Content/Functions/Engine_MaterialFunctions01/Vectors/MF_RotateVector_90.uasset' is outside repository
[2016.04.04-01.19.20:164][756]SourceControl: Info fatal: C:/Program Files (x86)/Epic Games/4.11/Engine/Content/Functions/Engine_MaterialFunctions01/Volumetrics/BeersLaw.uasset: 'C:/Program Files (x86)/Epic Games/4.11/Engine/Content/Functions/Engine_MaterialFunctions01/Volumetrics/BeersLaw.uasset' is outside repository
[2016.04.04-01.19.20:164][756]SourceControl: Info fatal: C:/Program Files (x86)/Epic Games/4.11/Engine/Content/Functions/Engine_MaterialFunctions01/WorldPositionOffset/ConstantScalebyDistance.uasset: 'C:/Program Files (x86)/Epic Games/4.11/Engine/Content/Functions/Engine_MaterialFunctions01/WorldPositionOffset/ConstantScalebyDistance.uasset' is outside repository
[2016.04.04-01.19.20:164][756]SourceControl: Info fatal: C:/Program Files (x86)/Epic Games/4.11/Engine/Content/Functions/Engine_MaterialFunctions02/3PointLevels.uasset: 'C:/Program Files (x86)/Epic Games/4.11/Engine/Content/Functions/Engine_MaterialFunctions02/3PointLevels.uasset' is outside repository
[2016.04.04-01.19.20:164][756]SourceControl: Info fatal: C:/Program Files (x86)/Epic Games/4.11/Engine/Content/Functions/Engine_MaterialFunctions02/ExampleContent/3dParticleOpacityInstance.uasset: 'C:/Program Files (x86)/Epic Games/4.11/Engine/Content/Functions/Engine_MaterialFunctions02/ExampleContent/3dParticleOpacityInstance.uasset' is outside repository
[2016.04.04-01.19.20:164][756]SourceControl: Info fatal: C:/Program Files (x86)/Epic Games/4.11/Engine/Content/Functions/Engine_MaterialFunctions02/ExampleContent/MacroUVs/MacroUVs.uasset: 'C:/Program Files (x86)/Epic Games/4.11/Engine/Content/Functions/Engine_MaterialFunctions02/ExampleContent/MacroUVs/MacroUVs.uasset' is outside repository
[2016.04.04-01.19.20:164][756]SourceControl: Info fatal: C:/Program Files (x86)/Epic Games/4.11/Engine/Content/Functions/Engine_MaterialFunctions02/ExampleContent/TextureBasedWPO/DemoBox.uasset: 'C:/Program Files (x86)/Epic Games/4.11/Engine/Content/Functions/Engine_MaterialFunctions02/ExampleContent/TextureBasedWPO/DemoBox.uasset' is outside repository
[2016.04.04-01.19.20:164][756]SourceControl: Info fatal: C:/Program Files (x86)/Epic Games/4.11/Engine/Content/Functions/Engine_MaterialFunctions02/ExampleContent/Textures/DebugNumberPeriod.uasset: 'C:/Program Files (x86)/Epic Games/4.11/Engine/Content/Functions/Engine_MaterialFunctions02/ExampleContent/Textures/DebugNumberPeriod.uasset' is outside repository
[2016.04.04-01.19.20:164][756]SourceControl: Info fatal: C:/Program Files (x86)/Epic Games/4.11/Engine/Content/Functions/Engine_MaterialFunctions02/Gradients/GradientMap_Multi.uasset: 'C:/Program Files (x86)/Epic Games/4.11/Engine/Content/Functions/Engine_MaterialFunctions02/Gradients/GradientMap_Multi.uasset' is outside repository
[2016.04.04-01.19.20:164][756]SourceControl: Info fatal: C:/Program Files (x86)/Epic Games/4.11/Engine/Content/Functions/Engine_MaterialFunctions02/Math/AddComponents.uasset: 'C:/Program Files (x86)/Epic Games/4.11/Engine/Content/Functions/Engine_MaterialFunctions02/Math/AddComponents.uasset' is outside repository
[2016.04.04-01.19.20:164][756]SourceControl: Info fatal: C:/Program Files (x86)/Epic Games/4.11/Engine/Content/Functions/Engine_MaterialFunctions02/MAXScripts/MeshSequenceFlipbook_Script.uasset: 'C:/Program Files (x86)/Epic Games/4.11/Engine/Content/Functions/Engine_MaterialFunctions02/MAXScripts/MeshSequenceFlipbook_Script.uasset' is outside repository
[2016.04.04-01.19.20:164][756]SourceControl: Info fatal: C:/Program Files (x86)/Epic Games/4.11/Engine/Content/Functions/Engine_MaterialFunctions02/Normals/RotateNormalWhileMasking.uasset: 'C:/Program Files (x86)/Epic Games/4.11/Engine/Content/Functions/Engine_MaterialFunctions02/Normals/RotateNormalWhileMasking.uasset' is outside repository
[2016.04.04-01.19.20:164][756]SourceControl: Info fatal: C:/Program Files (x86)/Epic Games/4.11/Engine/Content/Functions/Engine_MaterialFunctions02/NotInUse/WorldAlignedNormals_HighQuality_optimizationAttempt.uasset: 'C:/Program Files (x86)/Epic Games/4.11/Engine/Content/Functions/Engine_MaterialFunctions02/NotInUse/WorldAlignedNormals_HighQuality_optimizationAttempt.uasset' is outside repository
[2016.04.04-01.19.20:164][756]SourceControl: Info fatal: C:/Program Files (x86)/Epic Games/4.11/Engine/Content/Functions/Engine_MaterialFunctions02/PivotPainter/PivotPainter_HierarchyData.uasset: 'C:/Program Files (x86)/Epic Games/4.11/Engine/Content/Functions/Engine_MaterialFunctions02/PivotPainter/PivotPainter_HierarchyData.uasset' is outside repository
[2016.04.04-01.19.20:164][756]SourceControl: Info fatal: C:/Program Files (x86)/Epic Games/4.11/Engine/Content/Functions/Engine_MaterialFunctions02/Texturing/3dParticleOpacity.uasset: 'C:/Program Files (x86)/Epic Games/4.11/Engine/Content/Functions/Engine_MaterialFunctions02/Texturing/3dParticleOpacity.uasset' is outside repository
[2016.04.04-01.19.20:164][756]SourceControl: Info fatal: C:/Program Files (x86)/Epic Games/4.11/Engine/Content/Functions/Engine_MaterialFunctions02/Utility/Append4.uasset: 'C:/Program Files (x86)/Epic Games/4.11/Engine/Content/Functions/Engine_MaterialFunctions02/Utility/Append4.uasset' is outside repository
[2016.04.04-01.19.20:164][756]SourceControl: Info fatal: C:/Program Files (x86)/Epic Games/4.11/Engine/Content/Functions/Engine_MaterialFunctions02/UVs/BoundingBoxBased_0-1_UVW.uasset: 'C:/Program Files (x86)/Epic Games/4.11/Engine/Content/Functions/Engine_MaterialFunctions02/UVs/BoundingBoxBased_0-1_UVW.uasset' is outside repository
[2016.04.04-01.19.20:164][756]SourceControl: Info fatal: C:/Program Files (x86)/Epic Games/4.11/Engine/Content/Functions/Engine_MaterialFunctions02/WorldPositionOffset/AdjustNormalsToCompensateForRotateAboutAxisOffset.uasset: 'C:/Program Files (x86)/Epic Games/4.11/Engine/Content/Functions/Engine_MaterialFunctions02/WorldPositionOffset/AdjustNormalsToCompensateForRotateAboutAxisOffset.uasset' is outside repository
[2016.04.04-01.19.20:164][756]SourceControl: Info fatal: C:/Program Files (x86)/Epic Games/4.11/Engine/Content/Functions/Engine_MaterialFunctions03/Blends/Blend_ColorBurn.uasset: 'C:/Program Files (x86)/Epic Games/4.11/Engine/Content/Functions/Engine_MaterialFunctions03/Blends/Blend_ColorBurn.uasset' is outside repository
[2016.04.04-01.19.20:164][756]SourceControl: Info fatal: C:/Program Files (x86)/Epic Games/4.11/Engine/Content/Functions/Engine_MaterialFunctions03/ComplexMotion/Motion_4WayChaos.uasset: 'C:/Program Files (x86)/Epic Games/4.11/Engine/Content/Functions/Engine_MaterialFunctions03/ComplexMotion/Motion_4WayChaos.uasset' is outside repository
[2016.04.04-01.19.20:164][756]SourceControl: Info fatal: C:/Program Files (x86)/Epic Games/4.11/Engine/Content/Functions/Engine_MaterialFunctions03/Particles/Distance_Blend.uasset: 'C:/Program Files (x86)/Epic Games/4.11/Engine/Content/Functions/Engine_MaterialFunctions03/Particles/Distance_Blend.uasset' is outside repository
[2016.04.04-01.19.20:164][756]SourceControl: Info fatal: C:/Program Files (x86)/Epic Games/4.11/Engine/Content/Functions/Engine_MaterialFunctions03/Procedurals/ComputeFilterWidth.uasset: 'C:/Program Files (x86)/Epic Games/4.11/Engine/Content/Functions/Engine_MaterialFunctions03/Procedurals/ComputeFilterWidth.uasset' is outside repository
[2016.04.04-01.19.20:164][756]SourceControl: Info fatal: C:/Program Files (x86)/Epic Games/4.11/Engine/Content/Functions/Engine_MaterialFunctions03/Texturing/CameraWorldBlend.uasset: 'C:/Program Files (x86)/Epic Games/4.11/Engine/Content/Functions/Engine_MaterialFunctions03/Texturing/CameraWorldBlend.uasset' is outside repository
[2016.04.04-01.19.20:164][756]SourceControl: Info fatal: C:/Program Files (x86)/Epic Games/4.11/Engine/Content/Functions/GetPostProcessFunctions/GetAmbientCubemapIntensity.uasset: 'C:/Program Files (x86)/Epic Games/4.11/Engine/Content/Functions/GetPostProcessFunctions/GetAmbientCubemapIntensity.uasset' is outside repository
[2016.04.04-01.19.20:164][756]SourceControl: Info fatal: C:/Program Files (x86)/Epic Games/4.11/Engine/Content/Functions/MaterialLayerFunctions/MatLayerBlend_AddWorldPositionOffset.uasset: 'C:/Program Files (x86)/Epic Games/4.11/Engine/Content/Functions/MaterialLayerFunctions/MatLayerBlend_AddWorldPositionOffset.uasset' is outside repository
[2016.04.04-01.19.20:164][756]SourceControl: Info fatal: C:/Program Files (x86)/Epic Games/4.11/Engine/Content/Maps/Entry.umap: 'C:/Program Files (x86)/Epic Games/4.11/Engine/Content/Maps/Entry.umap' is outside repository
[2016.04.04-01.19.20:164][756]SourceControl: Info fatal: C:/Program Files (x86)/Epic Games/4.11/Engine/Content/Maps/Templates/Template_Default.umap: 'C:/Program Files (x86)/Epic Games/4.11/Engine/Content/Maps/Templates/Template_Default.umap' is outside repository
[2016.04.04-01.19.20:164][756]SourceControl: Info fatal: C:/Program Files (x86)/Epic Games/4.11/Engine/Content/Maps/Templates/Thumbnails/Default.uasset: 'C:/Program Files (x86)/Epic Games/4.11/Engine/Content/Maps/Templates/Thumbnails/Default.uasset' is outside repository
[2016.04.04-01.19.20:164][756]SourceControl: Info fatal: C:/Program Files (x86)/Epic Games/4.11/Engine/Content/MapTemplates/Bokeh_5Sides.uasset: 'C:/Program Files (x86)/Epic Games/4.11/Engine/Content/MapTemplates/Bokeh_5Sides.uasset' is outside repository
[2016.04.04-01.19.20:164][756]SourceControl: Info fatal: C:/Program Files (x86)/Epic Games/4.11/Engine/Content/MapTemplates/lut/LUT_Afternoon.uasset: 'C:/Program Files (x86)/Epic Games/4.11/Engine/Content/MapTemplates/lut/LUT_Afternoon.uasset' is outside repository
[2016.04.04-01.19.20:164][756]SourceControl: Info fatal: C:/Program Files (x86)/Epic Games/4.11/Engine/Content/MapTemplates/Materials/BasicAsset01.uasset: 'C:/Program Files (x86)/Epic Games/4.11/Engine/Content/MapTemplates/Materials/BasicAsset01.uasset' is outside repository
[2016.04.04-01.19.20:164][756]SourceControl: Info fatal: C:/Program Files (x86)/Epic Games/4.11/Engine/Content/MapTemplates/Sky/DaylightAmbientCubemap.uasset: 'C:/Program Files (x86)/Epic Games/4.11/Engine/Content/MapTemplates/Sky/DaylightAmbientCubemap.uasset' is outside repository
[2016.04.04-01.19.20:164][756]SourceControl: Info fatal: C:/Program Files (x86)/Epic Games/4.11/Engine/Content/MaterialTemplates/Gradients/Gradient_Linear.uasset: 'C:/Program Files (x86)/Epic Games/4.11/Engine/Content/MaterialTemplates/Gradients/Gradient_Linear.uasset' is outside repository
[2016.04.04-01.19.20:164][756]SourceControl: Info fatal: C:/Program Files (x86)/Epic Games/4.11/Engine/Content/MaterialTemplates/PerfTricks/MultiChannelMask.uasset: 'C:/Program Files (x86)/Epic Games/4.11/Engine/Content/MaterialTemplates/PerfTricks/MultiChannelMask.uasset' is outside repository
[2016.04.04-01.19.20:164][756]SourceControl: Info fatal: C:/Program Files (x86)/Epic Games/4.11/Engine/Content/MaterialTemplates/Textures/T_multiMask.uasset: 'C:/Program Files (x86)/Epic Games/4.11/Engine/Content/MaterialTemplates/Textures/T_multiMask.uasset' is outside repository
[2016.04.04-01.19.20:164][756]SourceControl: Info fatal: C:/Program Files (x86)/Epic Games/4.11/Engine/Content/MaterialTemplates/VertexAnimation/AdvancedFlag.uasset: 'C:/Program Files (x86)/Epic Games/4.11/Engine/Content/MaterialTemplates/VertexAnimation/AdvancedFlag.uasset' is outside repository
[2016.04.04-01.19.20:165][756]SourceControl: Info fatal: C:/Program Files (x86)/Epic Games/4.11/Engine/Content/MobileResources/T_MobileControls_texture.uasset: 'C:/Program Files (x86)/Epic Games/4.11/Engine/Content/MobileResources/T_MobileControls_texture.uasset' is outside repository
[2016.04.04-01.19.20:165][756]SourceControl: Info fatal: C:/Program Files (x86)/Epic Games/4.11/Engine/Content/MobileResources/HUD/AnalogHat.uasset: 'C:/Program Files (x86)/Epic Games/4.11/Engine/Content/MobileResources/HUD/AnalogHat.uasset' is outside repository
[2016.04.04-01.19.20:165][756]SourceControl: Info fatal: C:/Program Files (x86)/Epic Games/4.11/Engine/Content/StarterContent/Textures/T_ground_Moss_D.uasset: 'C:/Program Files (x86)/Epic Games/4.11/Engine/Content/StarterContent/Textures/T_ground_Moss_D.uasset' is outside repository
[2016.04.04-01.19.20:165][756]SourceControl: Info fatal: C:/Program Files (x86)/Epic Games/4.11/Engine/Content/TemplateResources/MI_Template_BaseBlue.uasset: 'C:/Program Files (x86)/Epic Games/4.11/Engine/Content/TemplateResources/MI_Template_BaseBlue.uasset' is outside repository
[2016.04.04-01.19.20:165][756]SourceControl: Info fatal: C:/Program Files (x86)/Epic Games/4.11/Engine/Content/Tutorial/ContentIntroCurve.uasset: 'C:/Program Files (x86)/Epic Games/4.11/Engine/Content/Tutorial/ContentIntroCurve.uasset' is outside repository
[2016.04.04-01.19.20:165][756]SourceControl: Info fatal: C:/Program Files (x86)/Epic Games/4.11/Engine/Content/Tutorial/Audio/Audience.uasset: 'C:/Program Files (x86)/Epic Games/4.11/Engine/Content/Tutorial/Audio/Audience.uasset' is outside repository
[2016.04.04-01.19.20:165][756]SourceControl: Info fatal: C:/Program Files (x86)/Epic Games/4.11/Engine/Content/Tutorial/Basics/ContentBrowserOverview.uasset: 'C:/Program Files (x86)/Epic Games/4.11/Engine/Content/Tutorial/Basics/ContentBrowserOverview.uasset' is outside repository
[2016.04.04-01.19.20:165][756]SourceControl: Info fatal: C:/Program Files (x86)/Epic Games/4.11/Engine/Content/Tutorial/Basics/TutorialAssets/CameraActor_64x.uasset: 'C:/Program Files (x86)/Epic Games/4.11/Engine/Content/Tutorial/Basics/TutorialAssets/CameraActor_64x.uasset' is outside repository
[2016.04.04-01.19.20:165][756]SourceControl: Info fatal: C:/Program Files (x86)/Epic Games/4.11/Engine/Content/Tutorial/BlueprintTutorials/BlueprintEditorTutorial.uasset: 'C:/Program Files (x86)/Epic Games/4.11/Engine/Content/Tutorial/BlueprintTutorials/BlueprintEditorTutorial.uasset' is outside repository
[2016.04.04-01.19.20:165][756]SourceControl: Info fatal: C:/Program Files (x86)/Epic Games/4.11/Engine/Content/Tutorial/BlueprintTutorials/TutorialAssets/BlueprintFunctionLibrary_64x.uasset: 'C:/Program Files (x86)/Epic Games/4.11/Engine/Content/Tutorial/BlueprintTutorials/TutorialAssets/BlueprintFunctionLibrary_64x.uasset' is outside repository
[2016.04.04-01.19.20:165][756]SourceControl: Info fatal: C:/Program Files (x86)/Epic Games/4.11/Engine/Content/Tutorial/Code/AddingCode.uasset: 'C:/Program Files (x86)/Epic Games/4.11/Engine/Content/Tutorial/Code/AddingCode.uasset' is outside repository
[2016.04.04-01.19.20:165][756]SourceControl: Info fatal: C:/Program Files (x86)/Epic Games/4.11/Engine/Content/Tutorial/Foliage/FoliageWalkThrough.uasset: 'C:/Program Files (x86)/Epic Games/4.11/Engine/Content/Tutorial/Foliage/FoliageWalkThrough.uasset' is outside repository
[2016.04.04-01.19.20:165][756]SourceControl: Info fatal: C:/Program Files (x86)/Epic Games/4.11/Engine/Content/Tutorial/Foliage/TutorialAssets/Foliage.uasset: 'C:/Program Files (x86)/Epic Games/4.11/Engine/Content/Tutorial/Foliage/TutorialAssets/Foliage.uasset' is outside repository
[2016.04.04-01.19.20:165][756]SourceControl: Info fatal: C:/Program Files (x86)/Epic Games/4.11/Engine/Content/Tutorial/Installation/InstallingVisualStudioTutorial.uasset: 'C:/Program Files (x86)/Epic Games/4.11/Engine/Content/Tutorial/Installation/InstallingVisualStudioTutorial.uasset' is outside repository
[2016.04.04-01.19.20:165][756]SourceControl: Info fatal: C:/Program Files (x86)/Epic Games/4.11/Engine/Content/Tutorial/InWorldBlueprintEditing/IWBE_Tutorial.uasset: 'C:/Program Files (x86)/Epic Games/4.11/Engine/Content/Tutorial/InWorldBlueprintEditing/IWBE_Tutorial.uasset' is outside repository
[2016.04.04-01.19.20:165][756]SourceControl: Info fatal: C:/Program Files (x86)/Epic Games/4.11/Engine/Content/Tutorial/InWorldBlueprintEditing/TutorialAssets/IWBE_Blutility.uasset: 'C:/Program Files (x86)/Epic Games/4.11/Engine/Content/Tutorial/InWorldBlueprintEditing/TutorialAssets/IWBE_Blutility.uasset' is outside repository
[2016.04.04-01.19.20:165][756]SourceControl: Info fatal: C:/Program Files (x86)/Epic Games/4.11/Engine/Content/Tutorial/Landscape/LandscapeWalkThrough.uasset: 'C:/Program Files (x86)/Epic Games/4.11/Engine/Content/Tutorial/Landscape/LandscapeWalkThrough.uasset' is outside repository
[2016.04.04-01.19.20:165][756]SourceControl: Info fatal: C:/Program Files (x86)/Epic Games/4.11/Engine/Content/Tutorial/Landscape/TutorialAssets/Landscape.uasset: 'C:/Program Files (x86)/Epic Games/4.11/Engine/Content/Tutorial/Landscape/TutorialAssets/Landscape.uasset' is outside repository
[2016.04.04-01.19.20:165][756]SourceControl: Info fatal: C:/Program Files (x86)/Epic Games/4.11/Engine/Content/Tutorial/Mobile/CreatingSigningCertAndProvisionTutorial.uasset: 'C:/Program Files (x86)/Epic Games/4.11/Engine/Content/Tutorial/Mobile/CreatingSigningCertAndProvisionTutorial.uasset' is outside repository
[2016.04.04-01.19.20:165][756]SourceControl: Info fatal: C:/Program Files (x86)/Epic Games/4.11/Engine/Content/Tutorial/Mobile/TutorialAssets/android_Icon.uasset: 'C:/Program Files (