Log file open, 04/03/16 23:48:54
LogInit:Display: Running engine for game: skyblock64
LogPlatformFile: Not using cached read wrapper
LogInit:Display: RandInit(-1920304925) SRandInit(-1920304924).
LogTaskGraph: Started task graph with 4 named threads and 7 total threads.
LogStats: Stats thread started at 0.079339
LogHMD: Can't find Oculus library dev build: is proper Runtime installed? Version: 0.8.0.0
LogInit: Version: 4.11.0-2927265+++UE4+Release-4.11
LogInit: API Version: 2927265
LogInit: Compiled (64-bit): Mar 30 2016 02:13:55
LogInit: Compiled with Visual C++: 19.00.23026.00
LogInit: Build Configuration: Development
LogInit: Branch Name: ++UE4+Release-4.11
LogInit: Command line: -EpicPortal 
LogInit: Base directory: C:/Program Files/Epic Games/4.11/Engine/Binaries/Win64/
LogInit: Installed Engine Build: 1
LogInit: Using libcurl 7.41.0
LogInit:  - built for x86_64-pc-win32
LogInit:  - supports SSL with WinSSL
LogInit:  - other features:
LogInit:      CURL_VERSION_SSL
LogInit:      CURL_VERSION_IPV6
LogInit:      CURL_VERSION_ASYNCHDNS
LogInit:      CURL_VERSION_LARGEFILE
LogInit:      CURL_VERSION_IDN
LogInit:  CurlRequestOptions (configurable via config and command line):
LogInit:  - bVerifyPeer = true  - Libcurl will verify peer certificate
LogInit:  - bUseHttpProxy = false  - Libcurl will NOT use HTTP proxy
LogInit:  - bDontReuseConnections = false  - Libcurl will reuse connections
LogInit:  - CertBundlePath = nullptr  - Libcurl will use whatever was configured at build time.
LogInit: Presizing for max 16777216 objects, including 0 objects not considered by GC, pre-allocating 0 bytes for permanent pool.
LogInit: Object subsystem initialized
[2016.04.03-22.48.55:035][  0]LogInit: Selected Device Profile: [Windows]
[2016.04.03-22.48.55:035][  0]LogInit: Applying CVar settings loaded from the selected device profile: [Windows]
[2016.04.03-22.48.55:045][  0]LogInit: Computer: SASHA-SAN
[2016.04.03-22.48.55:045][  0]LogInit: User: Jim
[2016.04.03-22.48.55:045][  0]LogInit: CPU Page size=65536, Cores=4
[2016.04.03-22.48.55:045][  0]LogInit: High frequency timer resolution =2.533209 MHz
[2016.04.03-22.48.55:045][  0]LogMemory: Memory total: Physical=7.9GB (8GB approx)
[2016.04.03-22.48.55:045][  0]LogMemory: Platform Memory Stats for Windows
[2016.04.03-22.48.55:045][  0]LogMemory: Process Physical Memory: 312.89 MB used, 312.89 MB peak
[2016.04.03-22.48.55:045][  0]LogMemory: Process Virtual Memory: 314.85 MB used, 314.85 MB peak
[2016.04.03-22.48.55:045][  0]LogMemory: Physical Memory: 5013.16 MB used, 8076.36 MB total
[2016.04.03-22.48.55:045][  0]LogMemory: Virtual Memory: 652.78 MB used, 134217728.00 MB total
[2016.04.03-22.48.55:100][  0]LogTextLocalizationManager: No specific translations for ('en-GB') exist, so ('en') translations will be used.
[2016.04.03-22.48.55:458][  0]LogD3D11RHI: D3D11 adapters:
[2016.04.03-22.48.56:487][  0]LogD3D11RHI:    0. 'NVIDIA GeForce GTX 960M  ' (Feature Level 11_0)
[2016.04.03-22.48.56:487][  0]LogD3D11RHI:       1995MB of dedicated video memory, 0MB of dedicated system memory, and 4038MB of shared system memory, 1 output[s]
[2016.04.03-22.48.56:495][  0]LogD3D11RHI:    1. 'Intel(R) HD Graphics 4600' (Feature Level 11_0)
[2016.04.03-22.48.56:495][  0]LogD3D11RHI:       112MB of dedicated video memory, 0MB of dedicated system memory, and 4038MB of shared system memory, 0 output[s]
[2016.04.03-22.48.56:498][  0]LogD3D11RHI:    2. 'Microsoft Basic Render Driver' (Feature Level 11_0)
[2016.04.03-22.48.56:498][  0]LogD3D11RHI:       0MB of dedicated video memory, 0MB of dedicated system memory, and 4038MB of shared system memory, 0 output[s]
[2016.04.03-22.48.56:498][  0]LogD3D11RHI: Chosen D3D11 Adapter: 0
[2016.04.03-22.48.56:503][  0]LogD3D11RHI: Creating new Direct3DDevice
[2016.04.03-22.48.56:503][  0]LogD3D11RHI:     Adapter Name: NVIDIA GeForce GTX 960M  
[2016.04.03-22.48.56:503][  0]LogD3D11RHI:   Driver Version: Unknown (internal Unknown)
[2016.04.03-22.48.56:503][  0]LogD3D11RHI:      Driver Date: Unknown
[2016.04.03-22.48.56:503][  0]LogRHI: Texture pool is 1361 MB (70% of 1945 MB)
[2016.04.03-22.48.56:523][  0]LogD3D11RHI: Async texture creation enabled
[2016.04.03-22.49.02:058][  0]LogShaderCompilers: Guid format shader working directory is -32 characters bigger than the processId version (../../../../../../Users/Jim/Documents/Unreal Projects/skyblock64/Skyblock64/Intermediate/Shaders/WorkingDirectory/12788/).
[2016.04.03-22.49.02:058][  0]LogShaderCompilers: Cleaned the shader compiler working directory 'C:/Users/Jim/AppData/Local/Temp/UnrealShaderWorkingDir/987FE4B240308BC2F8D89F9FAC4E3851/'.
[2016.04.03-22.49.02:058][  0]LogShaderCompilers:Display: Using Local Shader Compiler.
[2016.04.03-22.49.04:186][  0]LogTemp:Display: Loaded TP AllDesktopTargetPlatform
[2016.04.03-22.49.04:192][  0]LogTemp:Display: Loaded TP WindowsClientTargetPlatform
[2016.04.03-22.49.04:197][  0]LogTemp:Display: Loaded TP WindowsNoEditorTargetPlatform
[2016.04.03-22.49.04:203][  0]LogTemp:Display: Loaded TP WindowsServerTargetPlatform
[2016.04.03-22.49.04:208][  0]LogTemp:Display: Loaded TP WindowsTargetPlatform
[2016.04.03-22.49.04:213][  0]LogTemp:Display: Loaded TP AndroidTargetPlatform
[2016.04.03-22.49.04:217][  0]LogTemp:Display: Loaded TP Android_ASTCTargetPlatform
[2016.04.03-22.49.04:221][  0]LogTemp:Display: Loaded TP Android_ATCTargetPlatform
[2016.04.03-22.49.04:225][  0]LogTemp:Display: Loaded TP Android_DXTTargetPlatform
[2016.04.03-22.49.04:229][  0]LogTemp:Display: Loaded TP Android_ETC1TargetPlatform
[2016.04.03-22.49.04:234][  0]LogTemp:Display: Loaded TP Android_ETC2TargetPlatform
[2016.04.03-22.49.04:242][  0]LogTemp:Display: Loaded TP Android_MultiTargetPlatform
[2016.04.03-22.49.04:242][  0]LogTemp:Display: Loaded TP Android_PVRTCTargetPlatform
[2016.04.03-22.49.04:244][  0]LogTemp:Display: Loaded TP HTML5TargetPlatform
[2016.04.03-22.49.04:265][  0]LogTemp:Display: Loaded TP IOSTargetPlatform
[2016.04.03-22.49.04:270][  0]LogTemp:Display: Loaded TP TVOSTargetPlatform
[2016.04.03-22.49.04:274][  0]LogTemp:Display: Loaded TP LinuxNoEditorTargetPlatform
[2016.04.03-22.49.04:278][  0]LogTemp:Display: Loaded TP LinuxServerTargetPlatform
[2016.04.03-22.49.04:284][  0]LogTemp:Display: Loaded TP LinuxTargetPlatform
[2016.04.03-22.49.04:284][  0]LogTargetPlatformManager:Display: Building Assets For Windows
[2016.04.03-22.49.04:393][  0]LogDerivedDataCache:Display: Max Cache Size: 512 MB
[2016.04.03-22.49.04:473][  0]LogDerivedDataCache: Loaded boot cache 0.08s 46MB C:/Users/Jim/AppData/Local/UnrealEngine/4.11/DerivedDataCache/Boot.ddc.
[2016.04.03-22.49.04:474][  0]LogDerivedDataCache:Display: Loaded Boot cache: C:/Users/Jim/AppData/Local/UnrealEngine/4.11/DerivedDataCache/Boot.ddc
[2016.04.03-22.49.04:474][  0]LogDerivedDataCache: FDerivedDataBackendGraph:  Pak pak cache file ../../../../../../Users/Jim/Documents/Unreal Projects/skyblock64/Skyblock64/DerivedDataCache/DDC.ddp not found, will not use a pak cache.
[2016.04.03-22.49.04:474][  0]LogDerivedDataCache: Unable to find inner node Pak for hierarchical cache Hierarchy.
[2016.04.03-22.49.04:474][  0]LogDerivedDataCache: FDerivedDataBackendGraph:  CompressedPak pak cache file ../../../../../../Users/Jim/Documents/Unreal Projects/skyblock64/Skyblock64/DerivedDataCache/Compressed.ddp not found, will not use a pak cache.
[2016.04.03-22.49.04:474][  0]LogDerivedDataCache: Unable to find inner node CompressedPak for hierarchical cache Hierarchy.
[2016.04.03-22.49.04:495][  0]LogDerivedDataCache:Display: Pak cache opened for reading ../../../Engine/DerivedDataCache/Compressed.ddp.
[2016.04.03-22.49.04:508][  0]LogDerivedDataCache: Using Local data cache path C:/Users/Jim/AppData/Local/UnrealEngine/Common/DerivedDataCache: Writable
[2016.04.03-22.49.04:692][  0]LogInit: Selected Device Profile: [Windows]
[2016.04.03-22.49.04:692][  0]LogContentStreaming: Texture pool size is 0.00 MB
[2016.04.03-22.49.04:726][  0]LogMaterial: Uniform references updated for custom material expression Custom.
[2016.04.03-22.49.04:864][  0]LogMeshUtilities: No automatic mesh reduction module available
[2016.04.03-22.49.04:864][  0]LogMeshUtilities: No automatic mesh merging module available
[2016.04.03-22.49.04:864][  0]LogMeshUtilities: No distributed automatic mesh merging module available
[2016.04.03-22.49.05:164][  0]LogUObjectArray: 27672 objects as part of root set at end of initial load.
[2016.04.03-22.49.05:164][  0]LogUObjectAllocator: 5589896 out of 0 bytes used by permanent object pool.
[2016.04.03-22.49.05:164][  0]LogUObjectArray: CloseDisregardForGC: 0/0 objects in disregard for GC pool
[2016.04.03-22.49.05:172][  0]LogInit: WinSock: version 1.1 (2.2), MaxSocks=32767, MaxUdp=65467
[2016.04.03-22.49.05:292][  0]LogSlate: SlateFontCache - WITH_FREETYPE: 1, WITH_HARFBUZZ: 1
[2016.04.03-22.49.05:292][  0]LogSlate: SlateFontCache - WITH_FREETYPE: 1, WITH_HARFBUZZ: 1
[2016.04.03-22.49.05:603][  0]LogStreaming:Warning: Failed to read file '../../../Engine/Content/Editor/Slate/Common/Selection_16x.png' error.
[2016.04.03-22.49.05:603][  0]LogSlate: Could not find file for Slate resource: ../../../Engine/Content/Editor/Slate/Common/Selection_16x.png
[2016.04.03-22.49.05:603][  0]LogStreaming:Warning: Failed to read file '../../../Engine/Content/Editor/Slate/Common/Selection_16x.png' error.
[2016.04.03-22.49.05:603][  0]LogSlate: Could not find file for Slate resource: ../../../Engine/Content/Editor/Slate/Common/Selection_16x.png
[2016.04.03-22.49.05:603][  0]LogStreaming:Warning: Failed to read file '../../../Engine/Content/Editor/Slate/Common/Selection_16x.png' error.
[2016.04.03-22.49.05:603][  0]LogSlate: Could not find file for Slate resource: ../../../Engine/Content/Editor/Slate/Common/Selection_16x.png
[2016.04.03-22.49.06:964][  0]LogUdpMessaging: Initializing bridge on interface 0.0.0.0:0 to multicast group 230.0.0.1:6666.
[2016.04.03-22.49.07:096][  0]LogAssetRegistry: FAssetRegistry took 0.0213 seconds to start up
[2016.04.03-22.49.07:269][  0]SourceControl: Info Source control is disabled
[2016.04.03-22.49.16:853][  0]LogEngine: Initializing Engine...
[2016.04.03-22.49.16:855][  0]LogHMD: SteamVR failed to initialize.  Err: 110
[2016.04.03-22.49.17:011][  0]LogAIModule: Creating AISystem for world NewWorld
[2016.04.03-22.49.17:019][  0]LogInit: XAudio2 using 'Speakers (Realtek High Definition Audio)' : 2 channels at 48 kHz using 32 bits per sample (channel mask 0x3)
[2016.04.03-22.49.17:048][  0]LogInit: FAudioDevice initialized.
[2016.04.03-22.49.17:104][  0]LogDerivedDataCache: Saved boot cache 0.06s 46MB C:/Users/Jim/AppData/Local/UnrealEngine/4.11/DerivedDataCache/Boot.ddc.
[2016.04.03-22.49.17:113][  0]LogInit: Texture streaming: Enabled
[2016.04.03-22.49.17:148][  0]LogInit: Transaction tracking system initialized
[2016.04.03-22.49.17:181][  0]BlueprintLog: New page: Editor Load
[2016.04.03-22.49.17:286][  0]LocalizationService: Info Localization service is disabled
[2016.04.03-22.49.17:393][  0]LogConsoleResponse:Display: 
[2016.04.03-22.49.17:531][  0]LogCook:Display: Max memory allowance for cook 8192mb
[2016.04.03-22.49.17:531][  0]LogCook:Display: Mobile HDR setting 1
[2016.04.03-22.49.17:531][  0]LogCook:Display: Done creating registry. It took  0.00s.
[2016.04.03-22.49.20:448][  0]LogFileCache: Scanning file cache for directory 'C:/Users/Jim/Documents/Unreal Projects/skyblock64/Skyblock64/Content/' took 0.01s
[2016.04.03-22.49.30:194][  0]LogWindowsTextInputMethodSystem:Display: IME system now deactivated.
[2016.04.03-22.49.30:201][  0]LogWindowsTextInputMethodSystem:Display: IME system now deactivated.
[2016.04.03-22.49.30:202][  0]Cmd: MAP LOAD FILE="../../../../../../Users/Jim/Documents/Unreal Projects/skyblock64/Skyblock64/Content/StarterContent/Maps/Minimal_Default.umap" TEMPLATE=0 SHOWPROGRESS=1 FEATURELEVEL=3
[2016.04.03-22.49.30:206][  0]LightingResults: New page: Lighting Build
[2016.04.03-22.49.30:210][  0]MapCheck: New page: Map Check
[2016.04.03-22.49.30:210][  0]LightingResults: New page: Lighting Build
[2016.04.03-22.49.30:263][  0]LogAIModule: Creating AISystem for world Minimal_Default
[2016.04.03-22.49.30:286][  0]LogEditorServer: Finished looking for orphan Actors (0.000 secs)
[2016.04.03-22.49.30:287][  0]Cmd: MAP CHECKDEP NOCLEARLOG
[2016.04.03-22.49.30:392][  0]MapCheck: Info Map check complete: 0 Error(s), 0 Warning(s), took 105.633ms to complete.
[2016.04.03-22.49.30:393][  0]LogFileHelpers: Loading map 'Minimal_Default' took 0.191
[2016.04.03-22.49.30:396][  0]LogWindowsTextInputMethodSystem:Display: IME system now deactivated.
[2016.04.03-22.49.31:037][  0]LogStats:Warning: MetaData mismatch. Did you assign a stat to two groups? New //STATGROUP_Threads//SplashScreenThread///Thread_3384_0///####STATCAT_Advanced#### old //STATGROUP_Threads//SplashScreenThread///Thread_22ec_0///####STATCAT_Advanced####
[2016.04.03-22.49.31:037][  0]LogCollectionManager: Loaded 0 collections in 0.002207 seconds
[2016.04.03-22.49.31:076][  0]LogFileCache: Scanning file cache for directory 'C:/Users/Jim/Documents/Unreal Projects/skyblock64/Skyblock64/Saved/Collections/' took 0.01s
[2016.04.03-22.49.31:076][  0]LogFileCache: Scanning file cache for directory 'C:/Users/Jim/Documents/Unreal Projects/skyblock64/Skyblock64/Content/Developers/Jim/Collections/' took 0.01s
[2016.04.03-22.49.31:076][  0]LogFileCache: Scanning file cache for directory 'C:/Users/Jim/Documents/Unreal Projects/skyblock64/Skyblock64/Content/Collections/' took 0.01s
[2016.04.03-22.49.31:076][  0]LogCollectionManager: Rebuilt the GUID cache for 0 collections in 0.000003 seconds
[2016.04.03-22.49.31:085][  0]LogContentBrowser: Native class hierarchy populated in 0.0089 seconds. Added 1978 classes and 343 folders.
[2016.04.03-22.49.31:089][  0]LogStats: UGameplayTagsManager::ConstructGameplayTagTree: Construct from data asset -  0.000 s
[2016.04.03-22.49.31:089][  0]LogStats: UGameplayTagsManager::ConstructGameplayTagTree: GameplayTagTreeChangedEvent.Broadcast -  0.000 s
[2016.04.03-22.49.31:089][  0]LogContentBrowser: Native class hierarchy updated for 'GameplayTags' in 0.0004 seconds. Added 12 classes and 0 folders.
[2016.04.03-22.49.31:095][  0]LogContentBrowser: Native class hierarchy updated for 'WidgetCarousel' in 0.0005 seconds. Added 0 classes and 0 folders.
[2016.04.03-22.49.31:105][  0]LogContentBrowser: Native class hierarchy updated for 'SuperSearch' in 0.0004 seconds. Added 1 classes and 2 folders.
[2016.04.03-22.49.31:178][  0]LogContentBrowser: Native class hierarchy updated for 'AddContentDialog' in 0.0003 seconds. Added 0 classes and 0 folders.
[2016.04.03-22.49.31:184][  0]LogContentBrowser: Native class hierarchy updated for 'SceneOutliner' in 0.0003 seconds. Added 1 classes and 2 folders.
[2016.04.03-22.49.31:231][  0]LogCrashTracker: Crashtracker disabled due to settings.
[2016.04.03-22.49.31:234][  0]LogUObjectGlobals:Warning: Failed to find object 'Class None.'
[2016.04.03-22.49.31:261][  0]LogContentBrowser: Native class hierarchy updated for 'HierarchicalLODOutliner' in 0.0004 seconds. Added 1 classes and 2 folders.
[2016.04.03-22.49.31:261][  0]LogLoad: Full Startup: 37.39 seconds (BP compile: 0.01 seconds)
[2016.04.03-22.49.31:261][  0]LogExternalProfiler:Warning: No registered external profiler was matched with a command-line switch (or the DLL could not be loaded).  External profiling features will not be available.
[2016.04.03-22.49.31:287][  0]LogOcInput: Can't find Oculus library dev build: is proper Runtime installed? Version: 0.8.0.0
[2016.04.03-22.49.31:393][  0]SourceControl: Info On branch master
[2016.04.03-22.49.31:393][  0]SourceControl: Info Your branch is ahead of 'origin/master' by 1 commit.
[2016.04.03-22.49.31:393][  0]SourceControl: Info   (use "git push" to publish your local commits)
[2016.04.03-22.49.31:393][  0]SourceControl: Info Changes to be committed:
[2016.04.03-22.49.31:393][  0]SourceControl: Info   (use "git reset HEAD <file>..." to unstage)
[2016.04.03-22.49.31:393][  0]SourceControl: Info 	deleted:    Content/NewPaperTileMap.uasset
[2016.04.03-22.49.31:393][  0]SourceControl: Info 	deleted:    Content/StarterContent/Architecture/Floor_400x400.uasset
[2016.04.03-22.49.31:393][  0]SourceControl: Info 	deleted:    Content/StarterContent/Architecture/Pillar_50x500.uasset
[2016.04.03-22.49.31:393][  0]SourceControl: Info 	deleted:    Content/StarterContent/Architecture/SM_AssetPlatform.uasset
[2016.04.03-22.49.31:393][  0]SourceControl: Info 	deleted:    Content/StarterContent/Architecture/Wall_400x200.uasset
[2016.04.03-22.49.31:393][  0]SourceControl: Info 	deleted:    Content/StarterContent/Architecture/Wall_400x300.uasset
[2016.04.03-22.49.31:393][  0]SourceControl: Info 	deleted:    Content/StarterContent/Architecture/Wall_400x400.uasset
[2016.04.03-22.49.31:393][  0]SourceControl: Info 	deleted:    Content/StarterContent/Architecture/Wall_500x500.uasset
[2016.04.03-22.49.31:393][  0]SourceControl: Info 	deleted:    Content/StarterContent/Architecture/Wall_Door_400x300.uasset
[2016.04.03-22.49.31:393][  0]SourceControl: Info 	deleted:    Content/StarterContent/Architecture/Wall_Door_400x400.uasset
[2016.04.03-22.49.31:393][  0]SourceControl: Info 	deleted:    Content/StarterContent/Architecture/Wall_Window_400x300.uasset
[2016.04.03-22.49.31:393][  0]SourceControl: Info 	deleted:    Content/StarterContent/Architecture/Wall_Window_400x400.uasset
[2016.04.03-22.49.31:393][  0]SourceControl: Info 	deleted:    Content/StarterContent/Audio/Collapse01.uasset
[2016.04.03-22.49.31:393][  0]SourceControl: Info 	deleted:    Content/StarterContent/Audio/Collapse02.uasset
[2016.04.03-22.49.31:393][  0]SourceControl: Info 	deleted:    Content/StarterContent/Audio/Collapse_Cue.uasset
[2016.04.03-22.49.31:393][  0]SourceControl: Info 	deleted:    Content/StarterContent/Audio/Explosion01.uasset
[2016.04.03-22.49.31:393][  0]SourceControl: Info 	deleted:    Content/StarterContent/Audio/Explosion02.uasset
[2016.04.03-22.49.31:393][  0]SourceControl: Info 	deleted:    Content/StarterContent/Audio/Explosion_Cue.uasset
[2016.04.03-22.49.31:393][  0]SourceControl: Info 	deleted:    Content/StarterContent/Audio/Fire01.uasset
[2016.04.03-22.49.31:393][  0]SourceControl: Info 	deleted:    Content/StarterContent/Audio/Fire01_Cue.uasset
[2016.04.03-22.49.31:393][  0]SourceControl: Info 	deleted:    Content/StarterContent/Audio/Fire_Sparks01.uasset
[2016.04.03-22.49.31:393][  0]SourceControl: Info 	deleted:    Content/StarterContent/Audio/Fire_Sparks01_Cue.uasset
[2016.04.03-22.49.31:393][  0]SourceControl: Info 	deleted:    Content/StarterContent/Audio/Light01.uasset
[2016.04.03-22.49.31:393][  0]SourceControl: Info 	deleted:    Content/StarterContent/Audio/Light01_Cue.uasset
[2016.04.03-22.49.31:393][  0]SourceControl: Info 	deleted:    Content/StarterContent/Audio/Light02.uasset
[2016.04.03-22.49.31:393][  0]SourceControl: Info 	deleted:    Content/StarterContent/Audio/Light02_Cue.uasset
[2016.04.03-22.49.31:393][  0]SourceControl: Info 	deleted:    Content/StarterContent/Audio/Smoke01.uasset
[2016.04.03-22.49.31:393][  0]SourceControl: Info 	deleted:    Content/StarterContent/Audio/Smoke01_Cue.uasset
[2016.04.03-22.49.31:393][  0]SourceControl: Info 	deleted:    Content/StarterContent/Audio/Starter_Background_Cue.uasset
[2016.04.03-22.49.31:393][  0]SourceControl: Info 	deleted:    Content/StarterContent/Audio/Starter_Birds01.uasset
[2016.04.03-22.49.31:393][  0]SourceControl: Info 	deleted:    Content/StarterContent/Audio/Starter_Music01.uasset
[2016.04.03-22.49.31:393][  0]SourceControl: Info 	deleted:    Content/StarterContent/Audio/Starter_Music_Cue.uasset
[2016.04.03-22.49.31:393][  0]SourceControl: Info 	deleted:    Content/StarterContent/Audio/Starter_Wind05.uasset
[2016.04.03-22.49.31:393][  0]SourceControl: Info 	deleted:    Content/StarterContent/Audio/Starter_Wind06.uasset
[2016.04.03-22.49.31:393][  0]SourceControl: Info 	deleted:    Content/StarterContent/Audio/Steam01.uasset
[2016.04.03-22.49.31:393][  0]SourceControl: Info 	deleted:    Content/StarterContent/Audio/Steam01_Cue.uasset
[2016.04.03-22.49.31:393][  0]SourceControl: Info 	deleted:    Content/StarterContent/Blueprints/Blueprint_Effect_Explosion.uasset
[2016.04.03-22.49.31:393][  0]SourceControl: Info 	deleted:    Content/StarterContent/Blueprints/Blueprint_Effect_Fire.uasset
[2016.04.03-22.49.31:393][  0]SourceControl: Info 	deleted:    Content/StarterContent/Blueprints/Blueprint_Effect_Smoke.uasset
[2016.04.03-22.49.31:393][  0]SourceControl: Info 	deleted:    Content/StarterContent/Blueprints/Blueprint_Effect_Sparks.uasset
[2016.04.03-22.49.31:394][  0]SourceControl: Info 	deleted:    Content/StarterContent/Blueprints/Blueprint_Effect_Steam.uasset
[2016.04.03-22.49.31:394][  0]SourceControl: Info 	deleted:    Content/StarterContent/HDRI/HDRI_Epic_Courtyard_Daylight.uasset
[2016.04.03-22.49.31:394][  0]SourceControl: Info 	deleted:    Content/StarterContent/Maps/Advanced_Lighting.umap
[2016.04.03-22.49.31:394][  0]SourceControl: Info 	deleted:    Content/StarterContent/Maps/StarterMap.umap
[2016.04.03-22.49.31:394][  0]SourceControl: Info 	deleted:    Content/StarterContent/Materials/M_AssetPlatform.uasset
[2016.04.03-22.49.31:394][  0]SourceControl: Info 	deleted:    Content/StarterContent/Materials/M_Basic_Floor.uasset
[2016.04.03-22.49.31:394][  0]SourceControl: Info 	deleted:    Content/StarterContent/Materials/M_Basic_Wall.uasset
[2016.04.03-22.49.31:394][  0]SourceControl: Info 	deleted:    Content/StarterContent/Materials/M_Brick_Clay_Beveled.uasset
[2016.04.03-22.49.31:394][  0]SourceControl: Info 	deleted:    Content/StarterContent/Materials/M_Brick_Clay_New.uasset
[2016.04.03-22.49.31:394][  0]SourceControl: Info 	deleted:    Content/StarterContent/Materials/M_Brick_Clay_Old.uasset
[2016.04.03-22.49.31:394][  0]SourceControl: Info 	deleted:    Content/StarterContent/Materials/M_Brick_Cut_Stone.uasset
[2016.04.03-22.49.31:394][  0]SourceControl: Info 	deleted:    Content/StarterContent/Materials/M_Brick_Hewn_Stone.uasset
[2016.04.03-22.49.31:394][  0]SourceControl: Info 	deleted:    Content/StarterContent/Materials/M_Ceramic_Tile_Checker.uasset
[2016.04.03-22.49.31:394][  0]SourceControl: Info 	deleted:    Content/StarterContent/Materials/M_CobbleStone_Pebble.uasset
[2016.04.03-22.49.31:394][  0]SourceControl: Info 	deleted:    Content/StarterContent/Materials/M_CobbleStone_Rough.uasset
[2016.04.03-22.49.31:394][  0]SourceControl: Info 	deleted:    Content/StarterContent/Materials/M_CobbleStone_Smooth.uasset
[2016.04.03-22.49.31:394][  0]SourceControl: Info 	deleted:    Content/StarterContent/Materials/M_ColorGrid_LowSpec.uasset
[2016.04.03-22.49.31:394][  0]SourceControl: Info 	deleted:    Content/StarterContent/Materials/M_Concrete_Grime.uasset
[2016.04.03-22.49.31:394][  0]SourceControl: Info 	deleted:    Content/StarterContent/Materials/M_Concrete_Panels.uasset
[2016.04.03-22.49.31:394][  0]SourceControl: Info 	deleted:    Content/StarterContent/Materials/M_Concrete_Poured.uasset
[2016.04.03-22.49.31:394][  0]SourceControl: Info 	deleted:    Content/StarterContent/Materials/M_Concrete_Tiles.uasset
[2016.04.03-22.49.31:394][  0]SourceControl: Info 	deleted:    Content/StarterContent/Materials/M_Glass.uasset
[2016.04.03-22.49.31:394][  0]SourceControl: Info 	deleted:    Content/StarterContent/Materials/M_Ground_Grass.uasset
[2016.04.03-22.49.31:394][  0]SourceControl: Info 	deleted:    Content/StarterContent/Materials/M_Ground_Gravel.uasset
[2016.04.03-22.49.31:394][  0]SourceControl: Info 	deleted:    Content/StarterContent/Materials/M_Ground_Moss.uasset
[2016.04.03-22.49.31:394][  0]SourceControl: Info 	deleted:    Content/StarterContent/Materials/M_Metal_Brushed_Nickel.uasset
[2016.04.03-22.49.31:394][  0]SourceControl: Info 	deleted:    Content/StarterContent/Materials/M_Metal_Burnished_Steel.uasset
[2016.04.03-22.49.31:394][  0]SourceControl: Info 	deleted:    Content/StarterContent/Materials/M_Metal_Chrome.uasset
[2016.04.03-22.49.31:394][  0]SourceControl: Info 	deleted:    Content/StarterContent/Materials/M_Metal_Copper.uasset
[2016.04.03-22.49.31:394][  0]SourceControl: Info 	deleted:    Content/StarterContent/Materials/M_Metal_Gold.uasset
[2016.04.03-22.49.31:394][  0]SourceControl: Info 	deleted:    Content/StarterContent/Materials/M_Metal_Rust.uasset
[2016.04.03-22.49.31:394][  0]SourceControl: Info 	deleted:    Content/StarterContent/Materials/M_Metal_Steel.uasset
[2016.04.03-22.49.31:394][  0]SourceControl: Info 	deleted:    Content/StarterContent/Materials/M_Rock_Basalt.uasset
[2016.04.03-22.49.31:394][  0]SourceControl: Info 	deleted:    Content/StarterContent/Materials/M_Rock_Marble_Polished.uasset
[2016.04.03-22.49.31:394][  0]SourceControl: Info 	deleted:    Content/StarterContent/Materials/M_Rock_Sandstone.uasset
[2016.04.03-22.49.31:394][  0]SourceControl: Info 	deleted:    Content/StarterContent/Materials/M_Rock_Slate.uasset
[2016.04.03-22.49.31:394][  0]SourceControl: Info 	deleted:    Content/StarterContent/Materials/M_Tech_Checker_Dot.uasset
[2016.04.03-22.49.31:394][  0]SourceControl: Info 	deleted:    Content/StarterContent/Materials/M_Tech_Hex_Tile.uasset
[2016.04.03-22.49.31:394][  0]SourceControl: Info 	deleted:    Content/StarterContent/Materials/M_Tech_Hex_Tile_Pulse.uasset
[2016.04.03-22.49.31:394][  0]SourceControl: Info 	deleted:    Content/StarterContent/Materials/M_Tech_Panel.uasset
[2016.04.03-22.49.31:394][  0]SourceControl: Info 	deleted:    Content/StarterContent/Materials/M_Water_Lake.uasset
[2016.04.03-22.49.31:394][  0]SourceControl: Info 	deleted:    Content/StarterContent/Materials/M_Water_Ocean.uasset
[2016.04.03-22.49.31:394][  0]SourceControl: Info 	deleted:    Content/StarterContent/Materials/M_Wood_Floor_Walnut_Polished.uasset
[2016.04.03-22.49.31:394][  0]SourceControl: Info 	deleted:    Content/StarterContent/Materials/M_Wood_Floor_Walnut_Worn.uasset
[2016.04.03-22.49.31:394][  0]SourceControl: Info 	deleted:    Content/StarterContent/Materials/M_Wood_Oak.uasset
[2016.04.03-22.49.31:394][  0]SourceControl: Info 	deleted:    Content/StarterContent/Materials/M_Wood_Pine.uasset
[2016.04.03-22.49.31:394][  0]SourceControl: Info 	deleted:    Content/StarterContent/Materials/M_Wood_Walnut.uasset
[2016.04.03-22.49.31:394][  0]SourceControl: Info 	deleted:    Content/StarterContent/Particles/Materials/M_Burst.uasset
[2016.04.03-22.49.31:394][  0]SourceControl: Info 	deleted:    Content/StarterContent/Particles/Materials/M_Dust_Particle.uasset
[2016.04.03-22.49.31:394][  0]SourceControl: Info 	deleted:    Content/StarterContent/Particles/Materials/M_Fire_SubUV.uasset
[2016.04.03-22.49.31:394][  0]SourceControl: Info 	deleted:    Content/StarterContent/Particles/Materials/M_Heat_Distortion.uasset
[2016.04.03-22.49.31:394][  0]SourceControl: Info 	deleted:    Content/StarterContent/Particles/Materials/M_Radial_Gradient.uasset
[2016.04.03-22.49.31:395][  0]SourceControl: Info 	deleted:    Content/StarterContent/Particles/Materials/M_Spark.uasset
[2016.04.03-22.49.31:395][  0]SourceControl: Info 	deleted:    Content/StarterContent/Particles/Materials/M_explosion_subUV.uasset
[2016.04.03-22.49.31:395][  0]SourceControl: Info 	deleted:    Content/StarterContent/Particles/Materials/M_radial_ramp.uasset
[2016.04.03-22.49.31:395][  0]SourceControl: Info 	deleted:    Content/StarterContent/Particles/Materials/M_smoke_subUV.uasset
[2016.04.03-22.49.31:395][  0]SourceControl: Info 	deleted:    Content/StarterContent/Particles/Materials/m_flare_01.uasset
[2016.04.03-22.49.31:395][  0]SourceControl: Info 	deleted:    Content/StarterContent/Particles/P_Ambient_Dust.uasset
[2016.04.03-22.49.31:395][  0]SourceControl: Info 	deleted:    Content/StarterContent/Particles/P_Explosion.uasset
[2016.04.03-22.49.31:395][  0]SourceControl: Info 	deleted:    Content/StarterContent/Particles/P_Fire.uasset
[2016.04.03-22.49.31:395][  0]SourceControl: Info 	deleted:    Content/StarterContent/Particles/P_Smoke.uasset
[2016.04.03-22.49.31:395][  0]SourceControl: Info 	deleted:    Content/StarterContent/Particles/P_Sparks.uasset
[2016.04.03-22.49.31:395][  0]SourceControl: Info 	deleted:    Content/StarterContent/Particles/P_Steam_Lit.uasset
[2016.04.03-22.49.31:395][  0]SourceControl: Info 	deleted:    Content/StarterContent/Props/MaterialSphere.uasset
[2016.04.03-22.49.31:395][  0]SourceControl: Info 	deleted:    Content/StarterContent/Props/Materials/M_Bush.uasset
[2016.04.03-22.49.31:395][  0]SourceControl: Info 	deleted:    Content/StarterContent/Props/Materials/M_Chair.uasset
[2016.04.03-22.49.31:395][  0]SourceControl: Info 	deleted:    Content/StarterContent/Props/Materials/M_Door.uasset
[2016.04.03-22.49.31:395][  0]SourceControl: Info 	deleted:    Content/StarterContent/Props/Materials/M_Frame.uasset
[2016.04.03-22.49.31:395][  0]SourceControl: Info 	deleted:    Content/StarterContent/Props/Materials/M_Lamp.uasset
[2016.04.03-22.49.31:395][  0]SourceControl: Info 	deleted:    Content/StarterContent/Props/Materials/M_MaterialSphere.uasset
[2016.04.03-22.49.31:395][  0]SourceControl: Info 	deleted:    Content/StarterContent/Props/Materials/M_MaterialSphere_Plain.uasset
[2016.04.03-22.49.31:395][  0]SourceControl: Info 	deleted:    Content/StarterContent/Props/Materials/M_Rock.uasset
[2016.04.03-22.49.31:395][  0]SourceControl: Info 	deleted:    Content/StarterContent/Props/Materials/M_Shelf.uasset
[2016.04.03-22.49.31:395][  0]SourceControl: Info 	deleted:    Content/StarterContent/Props/Materials/M_Statue.uasset
[2016.04.03-22.49.31:395][  0]SourceControl: Info 	deleted:    Content/StarterContent/Props/Materials/M_StatueGlass.uasset
[2016.04.03-22.49.31:395][  0]SourceControl: Info 	deleted:    Content/StarterContent/Props/Materials/M_TableRound.uasset
[2016.04.03-22.49.31:395][  0]SourceControl: Info 	deleted:    Content/StarterContent/Props/SM_Bush.uasset
[2016.04.03-22.49.31:395][  0]SourceControl: Info 	deleted:    Content/StarterContent/Props/SM_Chair.uasset
[2016.04.03-22.49.31:395][  0]SourceControl: Info 	deleted:    Content/StarterContent/Props/SM_CornerFrame.uasset
[2016.04.03-22.49.31:395][  0]SourceControl: Info 	deleted:    Content/StarterContent/Props/SM_Couch.uasset
[2016.04.03-22.49.31:395][  0]SourceControl: Info 	deleted:    Content/StarterContent/Props/SM_Door.uasset
[2016.04.03-22.49.31:395][  0]SourceControl: Info 	deleted:    Content/StarterContent/Props/SM_DoorFrame.uasset
[2016.04.03-22.49.31:396][  0]SourceControl: Info 	deleted:    Content/StarterContent/Props/SM_GlassWindow.uasset
[2016.04.03-22.49.31:396][  0]SourceControl: Info 	deleted:    Content/StarterContent/Props/SM_Lamp_Ceiling.uasset
[2016.04.03-22.49.31:396][  0]SourceControl: Info 	deleted:    Content/StarterContent/Props/SM_Lamp_Wall.uasset
[2016.04.03-22.49.31:396][  0]SourceControl: Info 	deleted:    Content/StarterContent/Props/SM_MatPreviewMesh_02.uasset
[2016.04.03-22.49.31:396][  0]SourceControl: Info 	deleted:    Content/StarterContent/Props/SM_PillarFrame.uasset
[2016.04.03-22.49.31:396][  0]SourceControl: Info 	deleted:    Content/StarterContent/Props/SM_PillarFrame300.uasset
[2016.04.03-22.49.31:396][  0]SourceControl: Info 	deleted:    Content/StarterContent/Props/SM_Rock.uasset
[2016.04.03-22.49.31:396][  0]SourceControl: Info 	deleted:    Content/StarterContent/Props/SM_Shelf.uasset
[2016.04.03-22.49.31:396][  0]SourceControl: Info 	deleted:    Content/StarterContent/Props/SM_Stairs.uasset
[2016.04.03-22.49.31:396][  0]SourceControl: Info 	deleted:    Content/StarterContent/Props/SM_Statue.uasset
[2016.04.03-22.49.31:396][  0]SourceControl: Info 	deleted:    Content/StarterContent/Props/SM_TableRound.uasset
[2016.04.03-22.49.31:396][  0]SourceControl: Info 	deleted:    Content/StarterContent/Props/SM_WindowFrame.uasset
[2016.04.03-22.49.31:396][  0]SourceControl: Info 	deleted:    Content/StarterContent/Shapes/Shape_Cone.uasset
[2016.04.03-22.49.31:396][  0]SourceControl: Info 	deleted:    Content/StarterContent/Shapes/Shape_Cube.uasset
[2016.04.03-22.49.31:396][  0]SourceControl: Info 	deleted:    Content/StarterContent/Shapes/Shape_Cylinder.uasset
[2016.04.03-22.49.31:396][  0]SourceControl: Info 	deleted:    Content/StarterContent/Shapes/Shape_NarrowCapsule.uasset
[2016.04.03-22.49.31:396][  0]SourceControl: Info 	deleted:    Content/StarterContent/Shapes/Shape_Pipe.uasset
[2016.04.03-22.49.31:396][  0]SourceControl: Info 	deleted:    Content/StarterContent/Shapes/Shape_Pipe_180.uasset
[2016.04.03-22.49.31:396][  0]SourceControl: Info 	deleted:    Content/StarterContent/Shapes/Shape_Pipe_90.uasset
[2016.04.03-22.49.31:396][  0]SourceControl: Info 	deleted:    Content/StarterContent/Shapes/Shape_Plane.uasset
[2016.04.03-22.49.31:396][  0]SourceControl: Info 	deleted:    Content/StarterContent/Shapes/Shape_QuadPyramid.uasset
[2016.04.03-22.49.31:396][  0]SourceControl: Info 	deleted:    Content/StarterContent/Shapes/Shape_Sphere.uasset
[2016.04.03-22.49.31:396][  0]SourceControl: Info 	deleted:    Content/StarterContent/Shapes/Shape_Torus.uasset
[2016.04.03-22.49.31:396][  0]SourceControl: Info 	deleted:    Content/StarterContent/Shapes/Shape_TriPyramid.uasset
[2016.04.03-22.49.31:396][  0]SourceControl: Info 	deleted:    Content/StarterContent/Shapes/Shape_Trim.uasset
[2016.04.03-22.49.31:396][  0]SourceControl: Info 	deleted:    Content/StarterContent/Shapes/Shape_Trim_90_In.uasset
[2016.04.03-22.49.31:396][  0]SourceControl: Info 	deleted:    Content/StarterContent/Shapes/Shape_Trim_90_Out.uasset
[2016.04.03-22.49.31:396][  0]SourceControl: Info 	deleted:    Content/StarterContent/Shapes/Shape_Tube.uasset
[2016.04.03-22.49.31:396][  0]SourceControl: Info 	deleted:    Content/StarterContent/Shapes/Shape_Wedge_A.uasset
[2016.04.03-22.49.31:396][  0]SourceControl: Info 	deleted:    Content/StarterContent/Shapes/Shape_Wedge_B.uasset
[2016.04.03-22.49.31:396][  0]SourceControl: Info 	deleted:    Content/StarterContent/Shapes/Shape_WideCapsule.uasset
[2016.04.03-22.49.31:396][  0]SourceControl: Info 	deleted:    Content/StarterContent/Textures/T_Brick_Clay_Beveled_D.uasset
[2016.04.03-22.49.31:397][  0]SourceControl: Info 	deleted:    Content/StarterContent/Textures/T_Brick_Clay_Beveled_M.uasset
[2016.04.03-22.49.31:397][  0]SourceControl: Info 	deleted:    Content/StarterContent/Textures/T_Brick_Clay_Beveled_N.uasset
[2016.04.03-22.49.31:397][  0]SourceControl: Info 	deleted:    Content/StarterContent/Textures/T_Brick_Clay_New_D.uasset
[2016.04.03-22.49.31:397][  0]SourceControl: Info 	deleted:    Content/StarterContent/Textures/T_Brick_Clay_New_M.uasset
[2016.04.03-22.49.31:397][  0]SourceControl: Info 	deleted:    Content/StarterContent/Textures/T_Brick_Clay_New_N.uasset
[2016.04.03-22.49.31:397][  0]SourceControl: Info 	deleted:    Content/StarterContent/Textures/T_Brick_Clay_Old_D.uasset
[2016.04.03-22.49.31:397][  0]SourceControl: Info 	deleted:    Content/StarterContent/Textures/T_Brick_Clay_Old_N.uasset
[2016.04.03-22.49.31:397][  0]SourceControl: Info 	deleted:    Content/StarterContent/Textures/T_Brick_Cut_Stone_D.uasset
[2016.04.03-22.49.31:397][  0]SourceControl: Info 	deleted:    Content/StarterContent/Textures/T_Brick_Cut_Stone_N.uasset
[2016.04.03-22.49.31:397][  0]SourceControl: Info 	deleted:    Content/StarterContent/Textures/T_Brick_Hewn_Stone_D.uasset
[2016.04.03-22.49.31:397][  0]SourceControl: Info 	deleted:    Content/StarterContent/Textures/T_Brick_Hewn_Stone_M.uasset
[2016.04.03-22.49.31:397][  0]SourceControl: Info 	deleted:    Content/StarterContent/Textures/T_Brick_Hewn_Stone_N.uasset
[2016.04.03-22.49.31:397][  0]SourceControl: Info 	deleted:    Content/StarterContent/Textures/T_Burst_M.uasset
[2016.04.03-22.49.31:397][  0]SourceControl: Info 	deleted:    Content/StarterContent/Textures/T_Bush_D.uasset
[2016.04.03-22.49.31:397][  0]SourceControl: Info 	deleted:    Content/StarterContent/Textures/T_Bush_N.uasset
[2016.04.03-22.49.31:397][  0]SourceControl: Info 	deleted:    Content/StarterContent/Textures/T_Ceramic_Tile_M.uasset
[2016.04.03-22.49.31:397][  0]SourceControl: Info 	deleted:    Content/StarterContent/Textures/T_Ceramic_Tile_N.uasset
[2016.04.03-22.49.31:397][  0]SourceControl: Info 	deleted:    Content/StarterContent/Textures/T_Chair_M.uasset
[2016.04.03-22.49.31:397][  0]SourceControl: Info 	deleted:    Content/StarterContent/Textures/T_Chair_N.uasset
[2016.04.03-22.49.31:397][  0]SourceControl: Info 	deleted:    Content/StarterContent/Textures/T_Checker_Noise_M.uasset
[2016.04.03-22.49.31:397][  0]SourceControl: Info 	deleted:    Content/StarterContent/Textures/T_CobbleStone_Pebble_D.uasset
[2016.04.03-22.49.31:397][  0]SourceControl: Info 	deleted:    Content/StarterContent/Textures/T_CobbleStone_Pebble_M.uasset
[2016.04.03-22.49.31:397][  0]SourceControl: Info 	deleted:    Content/StarterContent/Textures/T_CobbleStone_Pebble_N.uasset
[2016.04.03-22.49.31:397][  0]SourceControl: Info 	deleted:    Content/StarterContent/Textures/T_CobbleStone_Rough_D.uasset
[2016.04.03-22.49.31:397][  0]SourceControl: Info 	deleted:    Content/StarterContent/Textures/T_CobbleStone_Rough_N.uasset
[2016.04.03-22.49.31:397][  0]SourceControl: Info 	deleted:    Content/StarterContent/Textures/T_CobbleStone_Smooth_D.uasset
[2016.04.03-22.49.31:397][  0]SourceControl: Info 	deleted:    Content/StarterContent/Textures/T_CobbleStone_Smooth_M.uasset
[2016.04.03-22.49.31:397][  0]SourceControl: Info 	deleted:    Content/StarterContent/Textures/T_CobbleStone_Smooth_N.uasset
[2016.04.03-22.49.31:397][  0]SourceControl: Info 	deleted:    Content/StarterContent/Textures/T_Concrete_Grime_D.uasset
[2016.04.03-22.49.31:397][  0]SourceControl: Info 	deleted:    Content/StarterContent/Textures/T_Concrete_Panels_D.uasset
[2016.04.03-22.49.31:397][  0]SourceControl: Info 	deleted:    Content/StarterContent/Textures/T_Concrete_Panels_N.uasset
[2016.04.03-22.49.31:398][  0]SourceControl: Info 	deleted:    Content/StarterContent/Textures/T_Concrete_Poured_D.uasset
[2016.04.03-22.49.31:398][  0]SourceControl: Info 	deleted:    Content/StarterContent/Textures/T_Concrete_Poured_N.uasset
[2016.04.03-22.49.31:398][  0]SourceControl: Info 	deleted:    Content/StarterContent/Textures/T_Concrete_Tiles_D.uasset
[2016.04.03-22.49.31:398][  0]SourceControl: Info 	deleted:    Content/StarterContent/Textures/T_Concrete_Tiles_M.uasset
[2016.04.03-22.49.31:398][  0]SourceControl: Info 	deleted:    Content/StarterContent/Textures/T_Concrete_Tiles_N.uasset
[2016.04.03-22.49.31:398][  0]SourceControl: Info 	deleted:    Content/StarterContent/Textures/T_Concrete_Tiles_Variation_M.uasset
[2016.04.03-22.49.31:398][  0]SourceControl: Info 	deleted:    Content/StarterContent/Textures/T_Detail_Rocky_N.uasset
[2016.04.03-22.49.31:398][  0]SourceControl: Info 	deleted:    Content/StarterContent/Textures/T_Door_M.uasset
[2016.04.03-22.49.31:398][  0]SourceControl: Info 	deleted:    Content/StarterContent/Textures/T_Door_N.uasset
[2016.04.03-22.49.31:398][  0]SourceControl: Info 	deleted:    Content/StarterContent/Textures/T_Dust_Particle_D.uasset
[2016.04.03-22.49.31:398][  0]SourceControl: Info 	deleted:    Content/StarterContent/Textures/T_Explosion_SubUV.uasset
[2016.04.03-22.49.31:398][  0]SourceControl: Info 	deleted:    Content/StarterContent/Textures/T_Fire_SubUV.uasset
[2016.04.03-22.49.31:398][  0]SourceControl: Info 	deleted:    Content/StarterContent/Textures/T_Fire_Tiled_D.uasset
[2016.04.03-22.49.31:398][  0]SourceControl: Info 	deleted:    Content/StarterContent/Textures/T_Frame_M.uasset
[2016.04.03-22.49.31:398][  0]SourceControl: Info 	deleted:    Content/StarterContent/Textures/T_Frame_N.uasset
[2016.04.03-22.49.31:398][  0]SourceControl: Info 	deleted:    Content/StarterContent/Textures/T_Gradinet_01.uasset
[2016.04.03-22.49.31:398][  0]SourceControl: Info 	deleted:    Content/StarterContent/Textures/T_Ground_Grass_D.uasset
[2016.04.03-22.49.31:398][  0]SourceControl: Info 	deleted:    Content/StarterContent/Textures/T_Ground_Grass_N.uasset
[2016.04.03-22.49.31:398][  0]SourceControl: Info 	deleted:    Content/StarterContent/Textures/T_Ground_Gravel_D.uasset
[2016.04.03-22.49.31:398][  0]SourceControl: Info 	deleted:    Content/StarterContent/Textures/T_Ground_Gravel_N.uasset
[2016.04.03-22.49.31:398][  0]SourceControl: Info 	deleted:    Content/StarterContent/Textures/T_Ground_Moss_N.uasset
[2016.04.03-22.49.31:398][  0]SourceControl: Info 	deleted:    Content/StarterContent/Textures/T_Lamp_M.uasset
[2016.04.03-22.49.31:398][  0]SourceControl: Info 	deleted:    Content/StarterContent/Textures/T_Lamp_N.uasset
[2016.04.03-22.49.31:398][  0]SourceControl: Info 	deleted:    Content/StarterContent/Textures/T_MacroVariation.uasset
[2016.04.03-22.49.31:398][  0]SourceControl: Info 	deleted:    Content/StarterContent/Textures/T_Metal_Aluminum_D.uasset
[2016.04.03-22.49.31:398][  0]SourceControl: Info 	deleted:    Content/StarterContent/Textures/T_Metal_Copper_D.uasset
[2016.04.03-22.49.31:398][  0]SourceControl: Info 	deleted:    Content/StarterContent/Textures/T_Metal_Gold_D.uasset
[2016.04.03-22.49.31:398][  0]SourceControl: Info 	deleted:    Content/StarterContent/Textures/T_Metal_Gold_N.uasset
[2016.04.03-22.49.31:398][  0]SourceControl: Info 	deleted:    Content/StarterContent/Textures/T_Metal_Rust_D.uasset
[2016.04.03-22.49.31:398][  0]SourceControl: Info 	deleted:    Content/StarterContent/Textures/T_Metal_Rust_N.uasset
[2016.04.03-22.49.31:398][  0]SourceControl: Info 	deleted:    Content/StarterContent/Textures/T_Metal_Steel_D.uasset
[2016.04.03-22.49.31:398][  0]SourceControl: Info 	deleted:    Content/StarterContent/Textures/T_Metal_Steel_N.uasset
[2016.04.03-22.49.31:398][  0]SourceControl: Info 	deleted:    Content/StarterContent/Textures/T_Perlin_Noise_M.uasset
[2016.04.03-22.49.31:398][  0]SourceControl: Info 	deleted:    Content/StarterContent/Textures/T_RockMesh_M.uasset
[2016.04.03-22.49.31:399][  0]SourceControl: Info 	deleted:    Content/StarterContent/Textures/T_RockMesh_N.uasset
[2016.04.03-22.49.31:399][  0]SourceControl: Info 	deleted:    Content/StarterContent/Textures/T_Rock_Basalt_D.uasset
[2016.04.03-22.49.31:399][  0]SourceControl: Info 	deleted:    Content/StarterContent/Textures/T_Rock_Basalt_N.uasset
[2016.04.03-22.49.31:399][  0]SourceControl: Info 	deleted:    Content/StarterContent/Textures/T_Rock_Marble_Polished_D.uasset
[2016.04.03-22.49.31:399][  0]SourceControl: Info 	deleted:    Content/StarterContent/Textures/T_Rock_Sandstone_D.uasset
[2016.04.03-22.49.31:399][  0]SourceControl: Info 	deleted:    Content/StarterContent/Textures/T_Rock_Sandstone_N.uasset
[2016.04.03-22.49.31:399][  0]SourceControl: Info 	deleted:    Content/StarterContent/Textures/T_Rock_Slate_D.uasset
[2016.04.03-22.49.31:399][  0]SourceControl: Info 	deleted:    Content/StarterContent/Textures/T_Rock_Slate_N.uasset
[2016.04.03-22.49.31:399][  0]SourceControl: Info 	deleted:    Content/StarterContent/Textures/T_Rock_Smooth_Granite_D.uasset
[2016.04.03-22.49.31:399][  0]SourceControl: Info 	deleted:    Content/StarterContent/Textures/T_Shelf_M.uasset
[2016.04.03-22.49.31:399][  0]SourceControl: Info 	deleted:    Content/StarterContent/Textures/T_Shelf_N.uasset
[2016.04.03-22.49.31:399][  0]SourceControl: Info 	deleted:    Content/StarterContent/Textures/T_Single_Tile_N.uasset
[2016.04.03-22.49.31:399][  0]SourceControl: Info 	deleted:    Content/StarterContent/Textures/T_Smoke_SubUV.uasset
[2016.04.03-22.49.31:399][  0]SourceControl: Info 	deleted:    Content/StarterContent/Textures/T_Smoke_Tiled_D.uasset
[2016.04.03-22.49.31:399][  0]SourceControl: Info 	deleted:    Content/StarterContent/Textures/T_Spark_Core.uasset
[2016.04.03-22.49.31:399][  0]SourceControl: Info 	deleted:    Content/StarterContent/Textures/T_Statue_M.uasset
[2016.04.03-22.49.31:399][  0]SourceControl: Info 	deleted:    Content/StarterContent/Textures/T_Statue_N.uasset
[2016.04.03-22.49.31:399][  0]SourceControl: Info 	deleted:    Content/StarterContent/Textures/T_TableRound_M.uasset
[2016.04.03-22.49.31:399][  0]SourceControl: Info 	deleted:    Content/StarterContent/Textures/T_TableRound_N.uasset
[2016.04.03-22.49.31:399][  0]SourceControl: Info 	deleted:    Content/StarterContent/Textures/T_Tech_Dot_M.uasset
[2016.04.03-22.49.31:399][  0]SourceControl: Info 	deleted:    Content/StarterContent/Textures/T_Tech_Dot_N.uasset
[2016.04.03-22.49.31:399][  0]SourceControl: Info 	deleted:    Content/StarterContent/Textures/T_Tech_Hex_Tile_M.uasset
[2016.04.03-22.49.31:399][  0]SourceControl: Info 	deleted:    Content/StarterContent/Textures/T_Tech_Hex_Tile_N.uasset
[2016.04.03-22.49.31:399][  0]SourceControl: Info 	deleted:    Content/StarterContent/Textures/T_Tech_Panel_M.uasset
[2016.04.03-22.49.31:399][  0]Sourc